WHYLIB is not set, using /home/ubse/.opam/4.10.0/lib/astraver as default
Parsing
Normalization
Typing logic labels
Typing code
Typing axiomatic Padding
Typing logic type declaration padding
Typing axiomatic Padding
Typing tag voidP
Typing tag charP
Typing tag __anonstruct_Key_2
Typing tag __anonstruct_Value_3
Typing tag __anonstruct_Item_4
Typing tag __anonstruct_Map_5
Typing lemma/axiom count_zero
Typing lemma/axiom count_one
Computation of call graph
***********************************
Logic call graph: has 32 components
***********************************
Component 0:
 count calls: count

Component 1:
 count_exist calls: count

Component 2:
 is_valid_map_mem calls: 

Component 3:
 is_valid_map_sizes calls: 

Component 4:
 begin_ok calls: 

Component 5:
 is_valid_item calls: is_valid_map_sizes,
is_valid_map_mem

Component 6:
 count_ok calls: count_exist

Component 7:
 gap_ok calls: 

Component 8:
 is_valid_items calls: is_valid_item

Component 9:
 compare_keys_now calls: 

Component 10:
 compare_values_now calls: 

Component 11:
 compare_keys calls: 

Component 12:
 compare_values calls: 

Component 13:
 valid_existence calls: 

Component 14:
 item_exists calls: 

Component 15:
 item_exists_t calls: 

Component 16:
 get_key calls: 

Component 17:
 get_key_t calls: 

Component 18:
 get_value calls: 

Component 19:
 get_value_t calls: 

Component 20:
 get_item calls: 

Component 21:
 get_item_t calls: 

Component 22:
 all_valid_existence calls: valid_existence,
get_item

Component 23:
 unique_keys calls: compare_keys_now, get_item, get_key,
get_item, get_key, item_exists, get_item, item_exists,
get_item

Component 24:
 compare_items calls: compare_values,
compare_keys

Component 25:
 count_lowers calls: 

Component 26:
 same_count calls: 

Component 27:
 same_capacity calls: 

Component 28:
 same_items calls: compare_items, item_exists_t, get_item_t,
item_exists_t,
get_item_t

Component 29:
 no_mchg calls: compare_items, get_item_t, get_item_t,
item_exists_t, get_item_t, compare_keys, get_item_t, get_key_t,
item_exists_t,
get_item_t

Component 30:
 no_new calls: compare_items, get_item_t, get_item_t,
item_exists_t, get_item_t, item_exists_t,
get_item_t

Component 31:
 is_valid_map calls: gap_ok, all_valid_existence, unique_keys,
begin_ok, count_ok, is_valid_items, is_valid_map_sizes,
is_valid_map_mem

******************************
Call graph: has 3 components
******************************
Component 0:
 finalizeMap calls: 

Component 1:
 removeElement calls: 

Component 2:
 getElement calls: 

Adding invariants
Computation of regions
Separation: treating function finalizeMap
Separation: treating function finalizeMap
Separation: treating function removeElement
Separation: treating function removeElement
Separation: treating function getElement
Separation: treating function getElement
Computation of effects
Effects: doing one iteration
Effects: doing one iteration
Effects: fixpoint reached
Effects for logic function count:
 alloc_table: 
 tag_table: 
 memories: (map_2 : mem-field "items") at (L),
           (items_53 : mem-field "existent") at (L)
 raw memories: 
 precise memories: 
 globals: 
 locals: n_1 at (Here), m at (Here), map at (Here)

Effects: doing one iteration
Effects: doing one iteration
Effects: fixpoint reached
Effects for logic function count_exist:
 alloc_table: 
 tag_table: 
 memories: (map_0_3 : mem-field "capacity") at (L),
           (map_0_3 : mem-field "items") at (L),
           (items_111 : mem-field "existent") at (L)
 raw memories: 
 precise memories: 
 globals: 
 locals: map_0 at (Here)

Effects: doing one iteration
Effects: doing one iteration
Effects: fixpoint reached
Effects for logic function is_valid_map_mem:
 alloc_table: (items_57 : alloc-root "voidP") at (L),
              (map_3_4 : alloc-root "__anonstruct_Map_5") at (L),
              (items_57 : alloc-root "__anonstruct_Key_2") at (L)
 tag_table: 
 memories: (map_3_4 : mem-field "capacity") at (L),
           (map_3_4 : mem-field "items") at (L),
           (items_57 : mem-field "value_2") at (L),
           (items_57 : mem-field "key_2") at (L)
 raw memories: 
 precise memories: 
 globals: 
 locals: map_3 at (Here)

Effects: doing one iteration
Effects: doing one iteration
Effects: fixpoint reached
Effects for logic function is_valid_map_sizes:
 alloc_table: 
 tag_table: 
 memories: (map_4_5 : mem-field "count") at (L),
           (map_4_5 : mem-field "capacity") at (L)
 raw memories: 
 precise memories: 
 globals: 
 locals: map_4 at (Here)

Effects: doing one iteration
Effects: doing one iteration
Effects: fixpoint reached
Effects for logic function begin_ok:
 alloc_table: 
 tag_table: 
 memories: (map_5_6 : mem-field "count") at (L),
           (map_5_6 : mem-field "items") at (L),
           (items_58 : mem-field "existent") at (L)
 raw memories: 
 precise memories: 
 globals: 
 locals: map_5 at (Here)

Effects: doing one iteration
Effects: doing one iteration
Effects: fixpoint reached
Effects for logic function is_valid_item:
 alloc_table: (items_59 : alloc-root "voidP") at (L),
              (map_6_7 : alloc-root "__anonstruct_Map_5") at (L),
              (items_59 : alloc-root "__anonstruct_Key_2") at (L)
 tag_table: 
 memories: (map_6_7 : mem-field "count") at (L),
           (map_6_7 : mem-field "capacity") at (L),
           (map_6_7 : mem-field "items") at (L),
           (items_59 : mem-field "existent") at (L),
           (items_59 : mem-field "value_2") at (L),
           (items_59 : mem-field "key_2") at (L),
           (items_59 : mem-field "d") at (L),
           (items_59 : mem-field "c") at (L),
           (items_59 : mem-field "b") at (L),
           (items_59 : mem-field "a") at (L)
 raw memories: 
 precise memories: 
 globals: 
 locals: idx at (Here), map_6 at (Here)

Effects: doing one iteration
Effects: doing one iteration
Effects: fixpoint reached
Effects for logic function count_ok:
 alloc_table: 
 tag_table: 
 memories: (map_7_8 : mem-field "count") at (L),
           (map_7_8 : mem-field "capacity") at (L),
           (map_7_8 : mem-field "items") at (L),
           (items_121 : mem-field "existent") at (L)
 raw memories: 
 precise memories: 
 globals: 
 locals: map_7 at (Here)

Effects: doing one iteration
Effects: doing one iteration
Effects: fixpoint reached
Effects for logic function gap_ok:
 alloc_table: 
 tag_table: 
 memories: (map_8_9 : mem-field "capacity") at (L),
           (map_8_9 : mem-field "items") at (L),
           (items_60 : mem-field "existent") at (L)
 raw memories: 
 precise memories: 
 globals: 
 locals: map_8 at (Here)

Effects: doing one iteration
Effects: doing one iteration
Effects: fixpoint reached
Effects for logic function is_valid_items:
 alloc_table: (items_125 : alloc-root "voidP") at (L),
              (map_9_10 : alloc-root "__anonstruct_Map_5") at (L),
              (items_125 : alloc-root "__anonstruct_Key_2") at (L)
 tag_table: 
 memories: (map_9_10 : mem-field "count") at (L),
           (map_9_10 : mem-field "capacity") at (L),
           (map_9_10 : mem-field "items") at (L),
           (items_125 : mem-field "existent") at (L),
           (items_125 : mem-field "value_2") at (L),
           (items_125 : mem-field "key_2") at (L),
           (items_125 : mem-field "d") at (L),
           (items_125 : mem-field "c") at (L),
           (items_125 : mem-field "b") at (L),
           (items_125 : mem-field "a") at (L)
 raw memories: 
 precise memories: 
 globals: 
 locals: map_9 at (Here)

Effects: doing one iteration
Effects: doing one iteration
Effects: fixpoint reached
Effects for logic function compare_keys_now:
 alloc_table: 
 tag_table: 
 memories: (k2_12 : mem-field "b") at (L), (k1_11 : mem-field "b") at (L),
           (k2_12 : mem-field "a") at (L), (k1_11 : mem-field "a") at (L)
 raw memories: 
 precise memories: 
 globals: 
 locals: k2 at (Here), k1 at (Here)

Effects: doing one iteration
Effects: doing one iteration
Effects: fixpoint reached
Effects for logic function compare_values_now:
 alloc_table: 
 tag_table: 
 memories: (v2_14 : mem-field "d") at (L), (v1_13 : mem-field "d") at (L),
           (v2_14 : mem-field "c") at (L), (v1_13 : mem-field "c") at (L)
 raw memories: 
 precise memories: 
 globals: 
 locals: v2 at (Here), v1 at (Here)

Effects: doing one iteration
Effects: doing one iteration
Effects: fixpoint reached
Effects for logic function compare_keys:
 alloc_table: 
 tag_table: 
 memories: (k2_0_16 : mem-field "b") at (L2),
           (k1_0_15 : mem-field "b") at (L1),
           (k2_0_16 : mem-field "a") at (L2),
           (k1_0_15 : mem-field "a") at (L1)
 raw memories: 
 precise memories: 
 globals: 
 locals: k2_0 at (Here), k1_0 at (Here)

Effects: doing one iteration
Effects: doing one iteration
Effects: fixpoint reached
Effects for logic function compare_values:
 alloc_table: 
 tag_table: 
 memories: (v2_0_18 : mem-field "d") at (L2),
           (v1_0_17 : mem-field "d") at (L1),
           (v2_0_18 : mem-field "c") at (L2),
           (v1_0_17 : mem-field "c") at (L1)
 raw memories: 
 precise memories: 
 globals: 
 locals: v2_0 at (Here), v1_0 at (Here)

Effects: doing one iteration
Effects: doing one iteration
Effects: fixpoint reached
Effects for logic function valid_existence:
 alloc_table: 
 tag_table: 
 memories: (it_19 : mem-field "existent") at (L)
 raw memories: 
 precise memories: 
 globals: 
 locals: it at (Here)

Effects: doing one iteration
Effects: doing one iteration
Effects: fixpoint reached
Effects for logic function item_exists:
 alloc_table: 
 tag_table: 
 memories: (it_0_20 : mem-field "existent") at (L)
 raw memories: 
 precise memories: 
 globals: 
 locals: it_0 at (Here)

Effects: doing one iteration
Effects: doing one iteration
Effects: fixpoint reached
Effects for logic function item_exists_t:
 alloc_table: 
 tag_table: 
 memories: (it_1_21 : mem-field "existent") at (L)
 raw memories: 
 precise memories: 
 globals: 
 locals: it_1 at (Here)

Effects: doing one iteration
Effects: doing one iteration
Effects: fixpoint reached
Effects for logic function get_key:
 alloc_table: 
 tag_table: 
 memories: (it_2_22 : mem-field "key_2") at (L)
 raw memories: 
 precise memories: 
 globals: 
 locals: it_2 at (Here)

Effects: doing one iteration
Effects: doing one iteration
Effects: fixpoint reached
Effects for logic function get_key_t:
 alloc_table: 
 tag_table: 
 memories: (it_3_24 : mem-field "key_2") at (L)
 raw memories: 
 precise memories: 
 globals: 
 locals: it_3 at (Here)

Effects: doing one iteration
Effects: doing one iteration
Effects: fixpoint reached
Effects for logic function get_value:
 alloc_table: 
 tag_table: 
 memories: (it_4_26 : mem-field "value_2") at (L)
 raw memories: 
 precise memories: 
 globals: 
 locals: it_4 at (Here)

Effects: doing one iteration
Effects: doing one iteration
Effects: fixpoint reached
Effects for logic function get_value_t:
 alloc_table: 
 tag_table: 
 memories: (it_5_28 : mem-field "value_2") at (L)
 raw memories: 
 precise memories: 
 globals: 
 locals: it_5 at (Here)

Effects: doing one iteration
Effects: doing one iteration
Effects: fixpoint reached
Effects for logic function get_item:
 alloc_table: 
 tag_table: 
 memories: (map_10_30 : mem-field "items") at (L)
 raw memories: 
 precise memories: 
 globals: 
 locals: idx_0 at (Here), map_10 at (Here)

Effects: doing one iteration
Effects: doing one iteration
Effects: fixpoint reached
Effects for logic function get_item_t:
 alloc_table: 
 tag_table: 
 memories: (map_11_32 : mem-field "items") at (L)
 raw memories: 
 precise memories: 
 globals: 
 locals: idx_1 at (Here), map_11 at (Here)

Effects: doing one iteration
Effects: doing one iteration
Effects: fixpoint reached
Effects for logic function all_valid_existence:
 alloc_table: 
 tag_table: 
 memories: (map_12_34 : mem-field "capacity") at (L),
           (map_12_34 : mem-field "items") at (L),
           (get_item_63 : mem-field "existent") at (L)
 raw memories: 
 precise memories: 
 globals: 
 locals: map_12 at (Here)

Effects: doing one iteration
Effects: doing one iteration
Effects: fixpoint reached
Effects for logic function unique_keys:
 alloc_table: 
 tag_table: 
 memories: (map_13_35 : mem-field "capacity") at (L),
           (map_13_35 : mem-field "items") at (L),
           (get_item_64 : mem-field "existent") at (L),
           (get_item_64 : mem-field "key_2") at (L),
           (get_item_64 : mem-field "b") at (L),
           (get_item_64 : mem-field "a") at (L)
 raw memories: 
 precise memories: 
 globals: 
 locals: map_13 at (Here)

Effects: doing one iteration
Effects: doing one iteration
Effects: fixpoint reached
Effects for logic function compare_items:
 alloc_table: 
 tag_table: 
 memories: (i2_37 : mem-field "value_2") at (L2),
           (i1_36 : mem-field "value_2") at (L1),
           (i2_37 : mem-field "key_2") at (L2),
           (i1_36 : mem-field "key_2") at (L1),
           (i2_37 : mem-field "d") at (L2), (i1_36 : mem-field "d") at (L1),
           (i2_37 : mem-field "c") at (L2), (i1_36 : mem-field "c") at (L1),
           (i2_37 : mem-field "b") at (L2), (i1_36 : mem-field "b") at (L1),
           (i2_37 : mem-field "a") at (L2), (i1_36 : mem-field "a") at (L1)
 raw memories: 
 precise memories: 
 globals: 
 locals: i2 at (Here), i1 at (Here)

Effects: doing one iteration
Effects: doing one iteration
Effects: fixpoint reached
Effects for logic function count_lowers:
 alloc_table: 
 tag_table: 
 memories: (map_14_38 : mem-field "count") at (L1, L2)
 raw memories: 
 precise memories: 
 globals: 
 locals: map_14 at (Here)

Effects: doing one iteration
Effects: doing one iteration
Effects: fixpoint reached
Effects for logic function same_count:
 alloc_table: 
 tag_table: 
 memories: (map_15_39 : mem-field "count") at (L1, L2)
 raw memories: 
 precise memories: 
 globals: 
 locals: map_15 at (Here)

Effects: doing one iteration
Effects: doing one iteration
Effects: fixpoint reached
Effects for logic function same_capacity:
 alloc_table: 
 tag_table: 
 memories: (map_16_40 : mem-field "capacity") at (L1, L2)
 raw memories: 
 precise memories: 
 globals: 
 locals: map_16 at (Here)

Effects: doing one iteration
Effects: doing one iteration
Effects: fixpoint reached
Effects for logic function same_items:
 alloc_table: 
 tag_table: 
 memories: (map_17_41 : mem-field "capacity") at (L2),
           (map_17_41 : mem-field "items") at (L1, L2),
           (get_item_t_70 : mem-field "existent") at (L1, L2),
           (get_item_t_70 : mem-field "value_2") at (L1, L2),
           (get_item_t_70 : mem-field "key_2") at (L1, L2),
           (get_item_t_70 : mem-field "d") at (L1, L2),
           (get_item_t_70 : mem-field "c") at (L1, L2),
           (get_item_t_70 : mem-field "b") at (L1, L2),
           (get_item_t_70 : mem-field "a") at (L1, L2)
 raw memories: 
 precise memories: 
 globals: 
 locals: map_17 at (Here)

Effects: doing one iteration
Effects: doing one iteration
Effects: fixpoint reached
Effects for logic function no_mchg:
 alloc_table: 
 tag_table: 
 memories: (map_18_42 : mem-field "capacity") at (L1, L2),
           (map_18_42 : mem-field "items") at (L1, L2),
           (get_item_t_73 : mem-field "existent") at (L1, L2),
           (get_item_t_73 : mem-field "value_2") at (L1, L2),
           (get_item_t_73 : mem-field "key_2") at (L1, L2),
           (get_item_t_73 : mem-field "d") at (L1, L2),
           (get_item_t_73 : mem-field "c") at (L1, L2),
           (get_item_t_73 : mem-field "b") at (L1, L2),
           (key_43 : mem-field "b") at (L1),
           (get_item_t_73 : mem-field "a") at (L1, L2),
           (key_43 : mem-field "a") at (L1)
 raw memories: 
 precise memories: 
 globals: 
 locals: key at (Here), map_18 at (Here)

Effects: doing one iteration
Effects: doing one iteration
Effects: fixpoint reached
Effects for logic function no_new:
 alloc_table: 
 tag_table: 
 memories: (map_19_44 : mem-field "capacity") at (L1, L2),
           (map_19_44 : mem-field "items") at (L1, L2),
           (get_item_t_79 : mem-field "existent") at (L1, L2),
           (get_item_t_79 : mem-field "value_2") at (L1, L2),
           (get_item_t_79 : mem-field "key_2") at (L1, L2),
           (get_item_t_79 : mem-field "d") at (L1, L2),
           (get_item_t_79 : mem-field "c") at (L1, L2),
           (get_item_t_79 : mem-field "b") at (L1, L2),
           (get_item_t_79 : mem-field "a") at (L1, L2)
 raw memories: 
 precise memories: 
 globals: 
 locals: map_19 at (Here)

Effects: doing one iteration
Effects: doing one iteration
Effects: fixpoint reached
Effects for logic function is_valid_map:
 alloc_table: (items_245 : alloc-root "voidP") at (L),
              (map_20_45 : alloc-root "__anonstruct_Map_5") at (L),
              (items_245 : alloc-root "__anonstruct_Key_2") at (L)
 tag_table: 
 memories: (map_20_45 : mem-field "count") at (L),
           (map_20_45 : mem-field "capacity") at (L),
           (map_20_45 : mem-field "items") at (L),
           (items_245 : mem-field "existent") at (L),
           (items_245 : mem-field "value_2") at (L),
           (items_245 : mem-field "key_2") at (L),
           (items_245 : mem-field "d") at (L),
           (items_245 : mem-field "c") at (L),
           (items_245 : mem-field "b") at (L),
           (items_245 : mem-field "a") at (L)
 raw memories: 
 precise memories: 
 globals: 
 locals: map_20 at (Here)

Effects: doing one iteration...
all_memories(tag __anonstruct_Item_4):
  Found 2 memories.
all_allocs(tag __anonstruct_Item_4):
  Found 2 allocs.
all_memories(tag __anonstruct_Item_4):
  Found 2 memories.
all_allocs(tag __anonstruct_Item_4):
  Found 2 allocs.
Effects: doing one iteration...
all_memories(tag __anonstruct_Item_4):
  Found 2 memories.
all_allocs(tag __anonstruct_Item_4):
  Found 2 allocs.
all_memories(tag __anonstruct_Item_4):
  Found 2 memories.
all_allocs(tag __anonstruct_Item_4):
  Found 2 allocs.
Effects: doing one iteration...
all_memories(tag __anonstruct_Item_4):
  Found 2 memories.
all_allocs(tag __anonstruct_Item_4):
  Found 2 allocs.
all_memories(tag __anonstruct_Item_4):
  Found 2 memories.
all_allocs(tag __anonstruct_Item_4):
  Found 2 allocs.
Effects: doing one iteration...
all_memories(tag __anonstruct_Item_4):
  Found 2 memories.
all_allocs(tag __anonstruct_Item_4):
  Found 2 allocs.
all_memories(tag __anonstruct_Item_4):
  Found 2 memories.
all_allocs(tag __anonstruct_Item_4):
  Found 2 allocs.
Effects: fixpoint reached
Effects for function finalizeMap:
 reads:  alloc_table: (items_83 : alloc-root "voidP") at (Here, Old),
                      (map_0_46 : alloc-root "__anonstruct_Map_5") at (Here,
                      Old),
                      (items_83 : alloc-root "__anonstruct_Key_2") at (Here,
                      Old)
         tag_table: (items_83 : voidP) at (Here)
         memories: (map_0_46 : mem-field "count") at (Here, Old),
                   (map_0_46 : mem-field "capacity") at (Here, Old),
                   (map_0_46 : mem-field "items") at (Here),
                   (items_83 : mem-field "existent") at (Here),
                   (items_83 : mem-field "value_2") at (Here, Old),
                   (items_83 : mem-field "key_2") at (Here, Old),
                   (items_83 : mem-field "d") at (Here),
                   (items_83 : mem-field "c") at (Here),
                   (items_83 : mem-field "b") at (Here),
                   (items_83 : mem-field "a") at (Here)
         raw memories: (map_0_46 : mem-field "capacity") at (Here, Old),
                       (map_0_46 : mem-field "items") at (Here),
                       (items_83 : mem-field "value_2") at (Here, Old),
                       (items_83 : mem-field "key_2") at (Here, Old)
         precise memories: 
         globals: 
         locals: i at (Here), map_0 at (Here)

 writes:  alloc_table: (items_83 : alloc-root "voidP") at (Here),
                       (map_0_46 : alloc-root "__anonstruct_Map_5") at (Old),
                       (items_83 : alloc-root "__anonstruct_Key_2") at (Here)
          tag_table: 
          memories: (map_0_46 : mem-field "items") at (Here, Old),
                    (items_83 : mem-field "existent") at (Here, Old),
                    (items_83 : mem-field "d") at (Old),
                    (items_83 : mem-field "c") at (Old),
                    (items_83 : mem-field "b") at (Old),
                    (items_83 : mem-field "a") at (Old)
          raw memories: (map_0_46 : mem-field "items") at (Here, Old),
                        (items_83 : mem-field "existent") at (Here, Old),
                        (items_83 : mem-field "d") at (Old),
                        (items_83 : mem-field "c") at (Old),
                        (items_83 : mem-field "b") at (Old),
                        (items_83 : mem-field "a") at (Old)
          precise memories: 
          globals: 
          locals: i at (Here)

 raises: 
Effects: doing one iteration...
Effects: doing one iteration...
Effects: doing one iteration...
Effects: doing one iteration...
Effects: fixpoint reached
Effects for function removeElement:
 reads:  alloc_table: (get_item_88 : alloc-root "voidP") at (Here),
                      (value_1_49 : alloc-root "voidP") at (Here, Old),
                      (map_3_47 : alloc-root "__anonstruct_Map_5") at (Here),
                      (get_item_88 : alloc-root "__anonstruct_Key_2") at (Here),
                      (key_1_48 : alloc-root "__anonstruct_Key_2") at (Here)
         tag_table: (get_item_88 : voidP) at (Here)
         memories: (map_3_47 : mem-field "count") at (Here, Old),
                   (map_3_47 : mem-field "capacity") at (Here, Old),
                   (map_3_47 : mem-field "items") at (Here, Old),
                   (get_item_88 : mem-field "existent") at (Here, Old),
                   (get_item_88 : mem-field "value_2") at (Here, Old),
                   (get_item_88 : mem-field "key_2") at (Here, Old),
                   (get_item_88 : mem-field "d") at (Here, Old),
                   (value_1_49 : mem-field "d") at (Here, Old),
                   (get_item_88 : mem-field "c") at (Here, Old),
                   (value_1_49 : mem-field "c") at (Here, Old),
                   (get_item_88 : mem-field "b") at (Here, Old),
                   (key_1_48 : mem-field "b") at (Here, Old),
                   (get_item_88 : mem-field "a") at (Here, Old),
                   (key_1_48 : mem-field "a") at (Here, Old)
         raw memories: (map_3_47 : mem-field "count") at (Here),
                       (map_3_47 : mem-field "capacity") at (Here),
                       (map_3_47 : mem-field "items") at (Here),
                       (get_item_88 : mem-field "existent") at (Here),
                       (get_item_88 : mem-field "value_2") at (Here),
                       (get_item_88 : mem-field "key_2") at (Here),
                       (get_item_88 : mem-field "d") at (Here),
                       (get_item_88 : mem-field "c") at (Here),
                       (get_item_88 : mem-field "b") at (Here),
                       (key_1_48 : mem-field "b") at (Here),
                       (get_item_88 : mem-field "a") at (Here),
                       (key_1_48 : mem-field "a") at (Here)
         precise memories: 
         globals: 
         locals: __retres at (Here), j at (Here), end_0_0 at (Here),
                 i_0 at (Here), \result at (Here), value_1 at (Here),
                 key_1 at (Here), map_3 at (Here)

 writes:  alloc_table: 
          tag_table: 
          memories: (map_3_47 : mem-field "count") at (Here),
                    (get_item_88 : mem-field "existent") at (Here),
                    (get_item_88 : mem-field "d") at (Here),
                    (value_1_49 : mem-field "d") at (Here, Old),
                    (get_item_88 : mem-field "c") at (Here),
                    (value_1_49 : mem-field "c") at (Here, Old),
                    (get_item_88 : mem-field "b") at (Here),
                    (get_item_88 : mem-field "a") at (Here)
          raw memories: (map_3_47 : mem-field "count") at (Here),
                        (get_item_88 : mem-field "existent") at (Here),
                        (get_item_88 : mem-field "d") at (Here),
                        (value_1_49 : mem-field "d") at (Here, Old),
                        (get_item_88 : mem-field "c") at (Here),
                        (value_1_49 : mem-field "c") at (Here, Old),
                        (get_item_88 : mem-field "b") at (Here),
                        (get_item_88 : mem-field "a") at (Here)
          precise memories: 
          globals: 
          locals: __retres at (Here), j at (Here), end_0_0 at (Here),
                  i_0 at (Here), end_0 at (Here)

 raises: 
Effects: doing one iteration...
Effects: doing one iteration...
Effects: doing one iteration...
Effects: doing one iteration...
Effects: fixpoint reached
Effects for function getElement:
 reads:  alloc_table: (get_item_98 : alloc-root "voidP") at (Here),
                      (value_0_52 : alloc-root "voidP") at (Here, Old),
                      (map_1_50 : alloc-root "__anonstruct_Map_5") at (Here),
                      (get_item_98 : alloc-root "__anonstruct_Key_2") at (Here),
                      (key_0_51 : alloc-root "__anonstruct_Key_2") at (Here)
         tag_table: (get_item_98 : voidP) at (Here)
         memories: (map_1_50 : mem-field "count") at (Here, Old),
                   (map_1_50 : mem-field "capacity") at (Here, Old),
                   (map_1_50 : mem-field "items") at (Here, Old),
                   (get_item_98 : mem-field "existent") at (Here, Old),
                   (get_item_98 : mem-field "value_2") at (Here, Old),
                   (get_item_98 : mem-field "key_2") at (Here, Old),
                   (get_item_98 : mem-field "d") at (Here, Old),
                   (value_0_52 : mem-field "d") at (Here, Old),
                   (get_item_98 : mem-field "c") at (Here, Old),
                   (value_0_52 : mem-field "c") at (Here, Old),
                   (get_item_98 : mem-field "b") at (Here, Old),
                   (key_0_51 : mem-field "b") at (Here, Old),
                   (get_item_98 : mem-field "a") at (Here, Old),
                   (key_0_51 : mem-field "a") at (Here, Old)
         raw memories: (map_1_50 : mem-field "capacity") at (Here),
                       (map_1_50 : mem-field "items") at (Here),
                       (get_item_98 : mem-field "existent") at (Here),
                       (get_item_98 : mem-field "value_2") at (Here),
                       (get_item_98 : mem-field "key_2") at (Here),
                       (get_item_98 : mem-field "d") at (Here),
                       (get_item_98 : mem-field "c") at (Here),
                       (get_item_98 : mem-field "b") at (Here),
                       (key_0_51 : mem-field "b") at (Here),
                       (get_item_98 : mem-field "a") at (Here),
                       (key_0_51 : mem-field "a") at (Here)
         precise memories: 
         globals: 
         locals: __retres_0 at (Here), i_1 at (Here), \result at (Here),
                 value_0 at (Here), key_0 at (Here), map_1 at (Here)

 writes:  alloc_table: 
          tag_table: 
          memories: (value_0_52 : mem-field "d") at (Here, Old),
                    (value_0_52 : mem-field "c") at (Here, Old)
          raw memories: (value_0_52 : mem-field "d") at (Here, Old),
                        (value_0_52 : mem-field "c") at (Here, Old)
          precise memories: 
          globals: 
          locals: __retres_0 at (Here), i_1 at (Here)

 raises: 
Translate logic types
Translate structures
all_allocs(tag __anonstruct_Item_4):
  Found 2 allocs.
all_memories(tag __anonstruct_Item_4):
  Found 2 memories.
all_memories(tag __anonstruct_Item_4):
  Found 2 memories.
all_allocs(tag __anonstruct_Item_4):
  Found 2 allocs.
all_allocs(tag __anonstruct_Item_4):
  Found 2 allocs.
all_memories(tag __anonstruct_Item_4):
  Found 2 memories.
all_allocs(tag __anonstruct_Item_4):
  Found 2 allocs.
all_tags(tag __anonstruct_Item_4):
  Found 2 tags.
all_memories(tag __anonstruct_Item_4):
  Found 2 memories.
all_memories(tag __anonstruct_Item_4):
  Found 2 memories.
all_tags(tag __anonstruct_Item_4):
  Found 2 tags.
all_memories(tag __anonstruct_Item_4):
  Found 2 memories.
all_tags(tag __anonstruct_Item_4):
  Found 2 tags.
all_memories(tag __anonstruct_Item_4):
  Found 2 memories.
all_tags(tag __anonstruct_Item_4):
  Found 2 tags.
all_memories(tag __anonstruct_Item_4):
  Found 2 memories.
all_allocs(tag __anonstruct_Item_4):
  Found 2 allocs.
all_tags(tag __anonstruct_Item_4):
  Found 2 tags.
all_memories(tag __anonstruct_Item_4):
  Found 2 memories.
all_allocs(tag __anonstruct_Item_4):
  Found 2 allocs.
all_memories(tag __anonstruct_Item_4):
  Found 2 memories.
all_memories(tag __anonstruct_Item_4):
  Found 2 memories.
all_allocs(tag __anonstruct_Item_4):
  Found 2 allocs.
all_allocs(tag __anonstruct_Item_4):
  Found 2 allocs.
all_memories(tag __anonstruct_Item_4):
  Found 2 memories.
all_memories(tag __anonstruct_Item_4):
  Found 2 memories.
all_allocs(tag __anonstruct_Item_4):
  Found 2 allocs.
all_allocs(tag __anonstruct_Item_4):
  Found 2 allocs.
all_memories(tag __anonstruct_Item_4):
  Found 2 memories.
all_allocs(tag __anonstruct_Item_4):
  Found 2 allocs.
all_tags(tag __anonstruct_Item_4):
  Found 2 tags.
all_memories(tag __anonstruct_Item_4):
  Found 2 memories.
all_memories(tag __anonstruct_Item_4):
  Found 2 memories.
all_tags(tag __anonstruct_Item_4):
  Found 2 tags.
all_memories(tag __anonstruct_Item_4):
  Found 2 memories.
all_tags(tag __anonstruct_Item_4):
  Found 2 tags.
all_memories(tag __anonstruct_Item_4):
  Found 2 memories.
all_tags(tag __anonstruct_Item_4):
  Found 2 tags.
all_memories(tag __anonstruct_Item_4):
  Found 2 memories.
all_allocs(tag __anonstruct_Item_4):
  Found 2 allocs.
all_tags(tag __anonstruct_Item_4):
  Found 2 tags.
all_memories(tag __anonstruct_Item_4):
  Found 2 memories.
all_allocs(tag __anonstruct_Item_4):
  Found 2 allocs.
all_memories(tag __anonstruct_Item_4):
  Found 2 memories.
all_memories(tag __anonstruct_Item_4):
  Found 2 memories.
all_allocs(tag __anonstruct_Item_4):
  Found 2 allocs.
all_allocs(tag __anonstruct_Item_4):
  Found 2 allocs.
all_tags(tag __anonstruct_Item_4):
  Found 2 tags.
all_memories(tag __anonstruct_Item_4):
  Found 2 memories.
all_memories(tag __anonstruct_Item_4):
  Found 2 memories.
all_tags(tag __anonstruct_Item_4):
  Found 2 tags.
all_memories(tag __anonstruct_Item_4):
  Found 2 memories.
all_tags(tag __anonstruct_Item_4):
  Found 2 tags.
all_memories(tag __anonstruct_Item_4):
  Found 2 memories.
all_tags(tag __anonstruct_Item_4):
  Found 2 tags.
all_memories(tag __anonstruct_Item_4):
  Found 2 memories.
all_allocs(tag __anonstruct_Item_4):
  Found 2 allocs.
all_tags(tag __anonstruct_Item_4):
  Found 2 tags.
all_memories(tag __anonstruct_Item_4):
  Found 2 memories.
all_allocs(tag __anonstruct_Item_4):
  Found 2 allocs.
all_memories(tag __anonstruct_Item_4):
  Found 2 memories.
all_memories(tag __anonstruct_Item_4):
  Found 2 memories.
all_allocs(tag __anonstruct_Item_4):
  Found 2 allocs.
all_tags(tag __anonstruct_Item_4):
  Found 2 tags.
all_memories(tag __anonstruct_Item_4):
  Found 2 memories.
all_allocs(tag __anonstruct_Item_4):
  Found 2 allocs.
all_memories(tag __anonstruct_Item_4):
  Found 2 memories.
all_allocs(tag __anonstruct_Item_4):
  Found 2 allocs.
all_memories(tag __anonstruct_Item_4):
  Found 2 memories.
all_memories(tag __anonstruct_Item_4):
  Found 2 memories.
all_tags(tag __anonstruct_Item_4):
  Found 2 tags.
all_memories(tag voidP):
  Found 0 memories.
all_tags(tag voidP):
  Found 1 tags.
all_memories(tag __anonstruct_Value_3):
  Found 0 memories.
all_tags(tag __anonstruct_Value_3):
  Found 1 tags.
all_memories(tag __anonstruct_Key_2):
  Found 0 memories.
all_tags(tag __anonstruct_Key_2):
  Found 1 tags.
all_memories(tag __anonstruct_Value_3):
  Found 0 memories.
all_tags(tag __anonstruct_Value_3):
  Found 1 tags.
all_memories(tag __anonstruct_Key_2):
  Found 0 memories.
all_tags(tag __anonstruct_Key_2):
  Found 1 tags.
all_memories(tag __anonstruct_Item_4):
  Found 2 memories.
all_allocs(tag __anonstruct_Item_4):
  Found 2 allocs.
all_memories(tag voidP):
  Found 0 memories.
all_allocs(tag voidP):
  Found 1 allocs.
all_memories(tag __anonstruct_Value_3):
  Found 0 memories.
all_allocs(tag __anonstruct_Value_3):
  Found 1 allocs.
all_memories(tag __anonstruct_Key_2):
  Found 0 memories.
all_allocs(tag __anonstruct_Key_2):
  Found 1 allocs.
all_memories(tag __anonstruct_Value_3):
  Found 0 memories.
all_allocs(tag __anonstruct_Value_3):
  Found 1 allocs.
all_memories(tag __anonstruct_Key_2):
  Found 0 memories.
all_allocs(tag __anonstruct_Key_2):
  Found 1 allocs.
all_memories(tag __anonstruct_Item_4):
  Found 2 memories.
all_tags(tag __anonstruct_Item_4):
  Found 2 tags.
all_memories(tag __anonstruct_Value_3):
  Found 0 memories.
all_tags(tag __anonstruct_Value_3):
  Found 1 tags.
all_memories(tag __anonstruct_Key_2):
  Found 0 memories.
all_tags(tag __anonstruct_Key_2):
  Found 1 tags.
all_memories(tag __anonstruct_Item_4):
  Found 2 memories.
all_tags(tag __anonstruct_Item_4):
  Found 2 tags.
all_memories(tag __anonstruct_Value_3):
  Found 0 memories.
all_tags(tag __anonstruct_Value_3):
  Found 1 tags.
all_memories(tag __anonstruct_Key_2):
  Found 0 memories.
all_tags(tag __anonstruct_Key_2):
  Found 1 tags.
all_memories(tag __anonstruct_Value_3):
  Found 0 memories.
all_tags(tag __anonstruct_Value_3):
  Found 1 tags.
all_memories(tag __anonstruct_Key_2):
  Found 0 memories.
all_tags(tag __anonstruct_Key_2):
  Found 1 tags.
all_memories(tag __anonstruct_Value_3):
  Found 0 memories.
all_tags(tag __anonstruct_Value_3):
  Found 1 tags.
all_memories(tag __anonstruct_Key_2):
  Found 0 memories.
all_tags(tag __anonstruct_Key_2):
  Found 1 tags.
all_memories(tag __anonstruct_Item_4):
  Found 2 memories.
all_tags(tag __anonstruct_Item_4):
  Found 2 tags.
all_memories(tag __anonstruct_Value_3):
  Found 0 memories.
all_tags(tag __anonstruct_Value_3):
  Found 1 tags.
all_memories(tag __anonstruct_Key_2):
  Found 0 memories.
all_tags(tag __anonstruct_Key_2):
  Found 1 tags.
all_memories(tag __anonstruct_Item_4):
  Found 2 memories.
all_tags(tag __anonstruct_Item_4):
  Found 2 tags.
all_memories(tag __anonstruct_Value_3):
  Found 0 memories.
all_tags(tag __anonstruct_Value_3):
  Found 1 tags.
all_memories(tag __anonstruct_Key_2):
  Found 0 memories.
all_tags(tag __anonstruct_Key_2):
  Found 1 tags.
all_memories(tag __anonstruct_Value_3):
  Found 0 memories.
all_tags(tag __anonstruct_Value_3):
  Found 1 tags.
all_memories(tag __anonstruct_Key_2):
  Found 0 memories.
all_tags(tag __anonstruct_Key_2):
  Found 1 tags.
all_memories(tag __anonstruct_Value_3):
  Found 0 memories.
all_tags(tag __anonstruct_Value_3):
  Found 1 tags.
all_memories(tag __anonstruct_Key_2):
  Found 0 memories.
all_tags(tag __anonstruct_Key_2):
  Found 1 tags.
all_memories(tag __anonstruct_Item_4):
  Found 2 memories.
all_tags(tag __anonstruct_Item_4):
  Found 2 tags.
all_memories(tag __anonstruct_Value_3):
  Found 0 memories.
all_tags(tag __anonstruct_Value_3):
  Found 1 tags.
all_memories(tag __anonstruct_Key_2):
  Found 0 memories.
all_tags(tag __anonstruct_Key_2):
  Found 1 tags.
all_memories(tag __anonstruct_Item_4):
  Found 2 memories.
all_tags(tag __anonstruct_Item_4):
  Found 2 tags.
all_memories(tag __anonstruct_Value_3):
  Found 0 memories.
all_tags(tag __anonstruct_Value_3):
  Found 1 tags.
all_memories(tag __anonstruct_Key_2):
  Found 0 memories.
all_tags(tag __anonstruct_Key_2):
  Found 1 tags.
all_memories(tag __anonstruct_Value_3):
  Found 0 memories.
all_tags(tag __anonstruct_Value_3):
  Found 1 tags.
all_memories(tag __anonstruct_Key_2):
  Found 0 memories.
all_tags(tag __anonstruct_Key_2):
  Found 1 tags.
all_memories(tag __anonstruct_Value_3):
  Found 0 memories.
all_tags(tag __anonstruct_Value_3):
  Found 1 tags.
all_memories(tag __anonstruct_Key_2):
  Found 0 memories.
all_tags(tag __anonstruct_Key_2):
  Found 1 tags.
all_memories(tag __anonstruct_Item_4):
  Found 2 memories.
all_allocs(tag __anonstruct_Item_4):
  Found 2 allocs.
all_memories(tag voidP):
  Found 0 memories.
all_allocs(tag voidP):
  Found 1 allocs.
all_memories(tag __anonstruct_Value_3):
  Found 0 memories.
all_allocs(tag __anonstruct_Value_3):
  Found 1 allocs.
all_memories(tag __anonstruct_Key_2):
  Found 0 memories.
all_allocs(tag __anonstruct_Key_2):
  Found 1 allocs.
all_memories(tag __anonstruct_Item_4):
  Found 2 memories.
all_allocs(tag __anonstruct_Item_4):
  Found 2 allocs.
all_memories(tag voidP):
  Found 0 memories.
all_allocs(tag voidP):
  Found 1 allocs.
all_memories(tag __anonstruct_Value_3):
  Found 0 memories.
all_allocs(tag __anonstruct_Value_3):
  Found 1 allocs.
all_memories(tag __anonstruct_Key_2):
  Found 0 memories.
all_allocs(tag __anonstruct_Key_2):
  Found 1 allocs.
all_memories(tag __anonstruct_Item_4):
  Found 2 memories.
all_allocs(tag __anonstruct_Item_4):
  Found 2 allocs.
all_memories(tag voidP):
  Found 0 memories.
all_allocs(tag voidP):
  Found 1 allocs.
all_memories(tag __anonstruct_Value_3):
  Found 0 memories.
all_allocs(tag __anonstruct_Value_3):
  Found 1 allocs.
all_memories(tag __anonstruct_Key_2):
  Found 0 memories.
all_allocs(tag __anonstruct_Key_2):
  Found 1 allocs.
all_memories(tag __anonstruct_Item_4):
  Found 2 memories.
all_allocs(tag __anonstruct_Item_4):
  Found 2 allocs.
all_memories(tag voidP):
  Found 0 memories.
all_allocs(tag voidP):
  Found 1 allocs.
all_memories(tag __anonstruct_Value_3):
  Found 0 memories.
all_allocs(tag __anonstruct_Value_3):
  Found 1 allocs.
all_memories(tag __anonstruct_Key_2):
  Found 0 memories.
all_allocs(tag __anonstruct_Key_2):
  Found 1 allocs.
all_memories(tag __anonstruct_Value_3):
  Found 0 memories.
all_allocs(tag __anonstruct_Value_3):
  Found 1 allocs.
all_memories(tag __anonstruct_Key_2):
  Found 0 memories.
all_allocs(tag __anonstruct_Key_2):
  Found 1 allocs.
all_memories(tag __anonstruct_Value_3):
  Found 0 memories.
all_allocs(tag __anonstruct_Value_3):
  Found 1 allocs.
all_memories(tag __anonstruct_Key_2):
  Found 0 memories.
all_allocs(tag __anonstruct_Key_2):
  Found 1 allocs.
all_memories(tag __anonstruct_Item_4):
  Found 2 memories.
all_allocs(tag __anonstruct_Item_4):
  Found 2 allocs.
all_memories(tag voidP):
  Found 0 memories.
all_allocs(tag voidP):
  Found 1 allocs.
all_memories(tag __anonstruct_Value_3):
  Found 0 memories.
all_allocs(tag __anonstruct_Value_3):
  Found 1 allocs.
all_memories(tag __anonstruct_Key_2):
  Found 0 memories.
all_allocs(tag __anonstruct_Key_2):
  Found 1 allocs.
all_memories(tag __anonstruct_Value_3):
  Found 0 memories.
all_allocs(tag __anonstruct_Value_3):
  Found 1 allocs.
all_memories(tag __anonstruct_Key_2):
  Found 0 memories.
all_allocs(tag __anonstruct_Key_2):
  Found 1 allocs.
all_memories(tag __anonstruct_Value_3):
  Found 0 memories.
all_allocs(tag __anonstruct_Value_3):
  Found 1 allocs.
all_memories(tag __anonstruct_Key_2):
  Found 0 memories.
all_allocs(tag __anonstruct_Key_2):
  Found 1 allocs.
all_allocs(tag __anonstruct_Key_2):
  Found 1 allocs.
all_memories(tag __anonstruct_Key_2):
  Found 0 memories.
all_memories(tag __anonstruct_Key_2):
  Found 0 memories.
all_allocs(tag __anonstruct_Key_2):
  Found 1 allocs.
all_allocs(tag __anonstruct_Key_2):
  Found 1 allocs.
all_memories(tag __anonstruct_Key_2):
  Found 0 memories.
all_allocs(tag __anonstruct_Key_2):
  Found 1 allocs.
all_tags(tag __anonstruct_Key_2):
  Found 1 tags.
all_memories(tag __anonstruct_Key_2):
  Found 0 memories.
all_memories(tag __anonstruct_Key_2):
  Found 0 memories.
all_tags(tag __anonstruct_Key_2):
  Found 1 tags.
all_memories(tag __anonstruct_Key_2):
  Found 0 memories.
all_tags(tag __anonstruct_Key_2):
  Found 1 tags.
all_memories(tag __anonstruct_Key_2):
  Found 0 memories.
all_tags(tag __anonstruct_Key_2):
  Found 1 tags.
all_memories(tag __anonstruct_Key_2):
  Found 0 memories.
all_allocs(tag __anonstruct_Key_2):
  Found 1 allocs.
all_tags(tag __anonstruct_Key_2):
  Found 1 tags.
all_memories(tag __anonstruct_Key_2):
  Found 0 memories.
all_allocs(tag __anonstruct_Key_2):
  Found 1 allocs.
all_memories(tag __anonstruct_Key_2):
  Found 0 memories.
all_memories(tag __anonstruct_Key_2):
  Found 0 memories.
all_allocs(tag __anonstruct_Key_2):
  Found 1 allocs.
all_allocs(tag __anonstruct_Key_2):
  Found 1 allocs.
all_memories(tag __anonstruct_Key_2):
  Found 0 memories.
all_memories(tag __anonstruct_Key_2):
  Found 0 memories.
all_allocs(tag __anonstruct_Key_2):
  Found 1 allocs.
all_allocs(tag __anonstruct_Key_2):
  Found 1 allocs.
all_memories(tag __anonstruct_Key_2):
  Found 0 memories.
all_allocs(tag __anonstruct_Key_2):
  Found 1 allocs.
all_tags(tag __anonstruct_Key_2):
  Found 1 tags.
all_memories(tag __anonstruct_Key_2):
  Found 0 memories.
all_memories(tag __anonstruct_Key_2):
  Found 0 memories.
all_tags(tag __anonstruct_Key_2):
  Found 1 tags.
all_memories(tag __anonstruct_Key_2):
  Found 0 memories.
all_tags(tag __anonstruct_Key_2):
  Found 1 tags.
all_memories(tag __anonstruct_Key_2):
  Found 0 memories.
all_tags(tag __anonstruct_Key_2):
  Found 1 tags.
all_memories(tag __anonstruct_Key_2):
  Found 0 memories.
all_allocs(tag __anonstruct_Key_2):
  Found 1 allocs.
all_tags(tag __anonstruct_Key_2):
  Found 1 tags.
all_memories(tag __anonstruct_Key_2):
  Found 0 memories.
all_allocs(tag __anonstruct_Key_2):
  Found 1 allocs.
all_memories(tag __anonstruct_Key_2):
  Found 0 memories.
all_memories(tag __anonstruct_Key_2):
  Found 0 memories.
all_allocs(tag __anonstruct_Key_2):
  Found 1 allocs.
all_allocs(tag __anonstruct_Key_2):
  Found 1 allocs.
all_tags(tag __anonstruct_Key_2):
  Found 1 tags.
all_memories(tag __anonstruct_Key_2):
  Found 0 memories.
all_memories(tag __anonstruct_Key_2):
  Found 0 memories.
all_tags(tag __anonstruct_Key_2):
  Found 1 tags.
all_memories(tag __anonstruct_Key_2):
  Found 0 memories.
all_tags(tag __anonstruct_Key_2):
  Found 1 tags.
all_memories(tag __anonstruct_Key_2):
  Found 0 memories.
all_tags(tag __anonstruct_Key_2):
  Found 1 tags.
all_memories(tag __anonstruct_Key_2):
  Found 0 memories.
all_allocs(tag __anonstruct_Key_2):
  Found 1 allocs.
all_tags(tag __anonstruct_Key_2):
  Found 1 tags.
all_memories(tag __anonstruct_Key_2):
  Found 0 memories.
all_allocs(tag __anonstruct_Key_2):
  Found 1 allocs.
all_memories(tag __anonstruct_Key_2):
  Found 0 memories.
all_memories(tag __anonstruct_Key_2):
  Found 0 memories.
all_allocs(tag __anonstruct_Key_2):
  Found 1 allocs.
all_tags(tag __anonstruct_Key_2):
  Found 1 tags.
all_memories(tag __anonstruct_Key_2):
  Found 0 memories.
all_allocs(tag __anonstruct_Key_2):
  Found 1 allocs.
all_memories(tag __anonstruct_Key_2):
  Found 0 memories.
all_allocs(tag __anonstruct_Key_2):
  Found 1 allocs.
all_memories(tag __anonstruct_Key_2):
  Found 0 memories.
all_memories(tag __anonstruct_Key_2):
  Found 0 memories.
all_tags(tag __anonstruct_Key_2):
  Found 1 tags.
all_memories(tag __anonstruct_Key_2):
  Found 0 memories.
all_allocs(tag __anonstruct_Key_2):
  Found 1 allocs.
all_memories(tag __anonstruct_Key_2):
  Found 0 memories.
all_tags(tag __anonstruct_Key_2):
  Found 1 tags.
all_memories(tag __anonstruct_Key_2):
  Found 0 memories.
all_tags(tag __anonstruct_Key_2):
  Found 1 tags.
all_memories(tag __anonstruct_Key_2):
  Found 0 memories.
all_tags(tag __anonstruct_Key_2):
  Found 1 tags.
all_memories(tag __anonstruct_Key_2):
  Found 0 memories.
all_tags(tag __anonstruct_Key_2):
  Found 1 tags.
all_memories(tag __anonstruct_Key_2):
  Found 0 memories.
all_tags(tag __anonstruct_Key_2):
  Found 1 tags.
all_memories(tag __anonstruct_Key_2):
  Found 0 memories.
all_tags(tag __anonstruct_Key_2):
  Found 1 tags.
all_memories(tag __anonstruct_Key_2):
  Found 0 memories.
all_allocs(tag __anonstruct_Key_2):
  Found 1 allocs.
all_memories(tag __anonstruct_Key_2):
  Found 0 memories.
all_allocs(tag __anonstruct_Key_2):
  Found 1 allocs.
all_memories(tag __anonstruct_Key_2):
  Found 0 memories.
all_allocs(tag __anonstruct_Key_2):
  Found 1 allocs.
all_memories(tag __anonstruct_Key_2):
  Found 0 memories.
all_allocs(tag __anonstruct_Key_2):
  Found 1 allocs.
all_memories(tag __anonstruct_Key_2):
  Found 0 memories.
all_allocs(tag __anonstruct_Key_2):
  Found 1 allocs.
all_allocs(tag __anonstruct_Map_5):
  Found 1 allocs.
all_memories(tag __anonstruct_Map_5):
  Found 0 memories.
all_memories(tag __anonstruct_Map_5):
  Found 0 memories.
all_allocs(tag __anonstruct_Map_5):
  Found 1 allocs.
all_allocs(tag __anonstruct_Map_5):
  Found 1 allocs.
all_memories(tag __anonstruct_Map_5):
  Found 0 memories.
all_allocs(tag __anonstruct_Map_5):
  Found 1 allocs.
all_tags(tag __anonstruct_Map_5):
  Found 1 tags.
all_memories(tag __anonstruct_Map_5):
  Found 0 memories.
all_memories(tag __anonstruct_Map_5):
  Found 0 memories.
all_tags(tag __anonstruct_Map_5):
  Found 1 tags.
all_memories(tag __anonstruct_Map_5):
  Found 0 memories.
all_tags(tag __anonstruct_Map_5):
  Found 1 tags.
all_memories(tag __anonstruct_Map_5):
  Found 0 memories.
all_tags(tag __anonstruct_Map_5):
  Found 1 tags.
all_memories(tag __anonstruct_Map_5):
  Found 0 memories.
all_allocs(tag __anonstruct_Map_5):
  Found 1 allocs.
all_tags(tag __anonstruct_Map_5):
  Found 1 tags.
all_memories(tag __anonstruct_Map_5):
  Found 0 memories.
all_allocs(tag __anonstruct_Map_5):
  Found 1 allocs.
all_memories(tag __anonstruct_Map_5):
  Found 0 memories.
all_memories(tag __anonstruct_Map_5):
  Found 0 memories.
all_allocs(tag __anonstruct_Map_5):
  Found 1 allocs.
all_allocs(tag __anonstruct_Map_5):
  Found 1 allocs.
all_memories(tag __anonstruct_Map_5):
  Found 0 memories.
all_memories(tag __anonstruct_Map_5):
  Found 0 memories.
all_allocs(tag __anonstruct_Map_5):
  Found 1 allocs.
all_allocs(tag __anonstruct_Map_5):
  Found 1 allocs.
all_memories(tag __anonstruct_Map_5):
  Found 0 memories.
all_allocs(tag __anonstruct_Map_5):
  Found 1 allocs.
all_tags(tag __anonstruct_Map_5):
  Found 1 tags.
all_memories(tag __anonstruct_Map_5):
  Found 0 memories.
all_memories(tag __anonstruct_Map_5):
  Found 0 memories.
all_tags(tag __anonstruct_Map_5):
  Found 1 tags.
all_memories(tag __anonstruct_Map_5):
  Found 0 memories.
all_tags(tag __anonstruct_Map_5):
  Found 1 tags.
all_memories(tag __anonstruct_Map_5):
  Found 0 memories.
all_tags(tag __anonstruct_Map_5):
  Found 1 tags.
all_memories(tag __anonstruct_Map_5):
  Found 0 memories.
all_allocs(tag __anonstruct_Map_5):
  Found 1 allocs.
all_tags(tag __anonstruct_Map_5):
  Found 1 tags.
all_memories(tag __anonstruct_Map_5):
  Found 0 memories.
all_allocs(tag __anonstruct_Map_5):
  Found 1 allocs.
all_memories(tag __anonstruct_Map_5):
  Found 0 memories.
all_memories(tag __anonstruct_Map_5):
  Found 0 memories.
all_allocs(tag __anonstruct_Map_5):
  Found 1 allocs.
all_allocs(tag __anonstruct_Map_5):
  Found 1 allocs.
all_tags(tag __anonstruct_Map_5):
  Found 1 tags.
all_memories(tag __anonstruct_Map_5):
  Found 0 memories.
all_memories(tag __anonstruct_Map_5):
  Found 0 memories.
all_tags(tag __anonstruct_Map_5):
  Found 1 tags.
all_memories(tag __anonstruct_Map_5):
  Found 0 memories.
all_tags(tag __anonstruct_Map_5):
  Found 1 tags.
all_memories(tag __anonstruct_Map_5):
  Found 0 memories.
all_tags(tag __anonstruct_Map_5):
  Found 1 tags.
all_memories(tag __anonstruct_Map_5):
  Found 0 memories.
all_allocs(tag __anonstruct_Map_5):
  Found 1 allocs.
all_tags(tag __anonstruct_Map_5):
  Found 1 tags.
all_memories(tag __anonstruct_Map_5):
  Found 0 memories.
all_allocs(tag __anonstruct_Map_5):
  Found 1 allocs.
all_memories(tag __anonstruct_Map_5):
  Found 0 memories.
all_memories(tag __anonstruct_Map_5):
  Found 0 memories.
all_allocs(tag __anonstruct_Map_5):
  Found 1 allocs.
all_tags(tag __anonstruct_Map_5):
  Found 1 tags.
all_memories(tag __anonstruct_Map_5):
  Found 0 memories.
all_allocs(tag __anonstruct_Map_5):
  Found 1 allocs.
all_memories(tag __anonstruct_Map_5):
  Found 0 memories.
all_allocs(tag __anonstruct_Map_5):
  Found 1 allocs.
all_memories(tag __anonstruct_Map_5):
  Found 0 memories.
all_memories(tag __anonstruct_Map_5):
  Found 0 memories.
all_tags(tag __anonstruct_Map_5):
  Found 1 tags.
all_memories(tag __anonstruct_Map_5):
  Found 0 memories.
all_allocs(tag __anonstruct_Map_5):
  Found 1 allocs.
all_memories(tag __anonstruct_Map_5):
  Found 0 memories.
all_tags(tag __anonstruct_Map_5):
  Found 1 tags.
all_memories(tag __anonstruct_Map_5):
  Found 0 memories.
all_tags(tag __anonstruct_Map_5):
  Found 1 tags.
all_memories(tag __anonstruct_Map_5):
  Found 0 memories.
all_tags(tag __anonstruct_Map_5):
  Found 1 tags.
all_memories(tag __anonstruct_Map_5):
  Found 0 memories.
all_tags(tag __anonstruct_Map_5):
  Found 1 tags.
all_memories(tag __anonstruct_Map_5):
  Found 0 memories.
all_tags(tag __anonstruct_Map_5):
  Found 1 tags.
all_memories(tag __anonstruct_Map_5):
  Found 0 memories.
all_tags(tag __anonstruct_Map_5):
  Found 1 tags.
all_memories(tag __anonstruct_Map_5):
  Found 0 memories.
all_allocs(tag __anonstruct_Map_5):
  Found 1 allocs.
all_memories(tag __anonstruct_Map_5):
  Found 0 memories.
all_allocs(tag __anonstruct_Map_5):
  Found 1 allocs.
all_memories(tag __anonstruct_Map_5):
  Found 0 memories.
all_allocs(tag __anonstruct_Map_5):
  Found 1 allocs.
all_memories(tag __anonstruct_Map_5):
  Found 0 memories.
all_allocs(tag __anonstruct_Map_5):
  Found 1 allocs.
all_memories(tag __anonstruct_Map_5):
  Found 0 memories.
all_allocs(tag __anonstruct_Map_5):
  Found 1 allocs.
all_allocs(tag __anonstruct_Value_3):
  Found 1 allocs.
all_memories(tag __anonstruct_Value_3):
  Found 0 memories.
all_memories(tag __anonstruct_Value_3):
  Found 0 memories.
all_allocs(tag __anonstruct_Value_3):
  Found 1 allocs.
all_allocs(tag __anonstruct_Value_3):
  Found 1 allocs.
all_memories(tag __anonstruct_Value_3):
  Found 0 memories.
all_allocs(tag __anonstruct_Value_3):
  Found 1 allocs.
all_tags(tag __anonstruct_Value_3):
  Found 1 tags.
all_memories(tag __anonstruct_Value_3):
  Found 0 memories.
all_memories(tag __anonstruct_Value_3):
  Found 0 memories.
all_tags(tag __anonstruct_Value_3):
  Found 1 tags.
all_memories(tag __anonstruct_Value_3):
  Found 0 memories.
all_tags(tag __anonstruct_Value_3):
  Found 1 tags.
all_memories(tag __anonstruct_Value_3):
  Found 0 memories.
all_tags(tag __anonstruct_Value_3):
  Found 1 tags.
all_memories(tag __anonstruct_Value_3):
  Found 0 memories.
all_allocs(tag __anonstruct_Value_3):
  Found 1 allocs.
all_tags(tag __anonstruct_Value_3):
  Found 1 tags.
all_memories(tag __anonstruct_Value_3):
  Found 0 memories.
all_allocs(tag __anonstruct_Value_3):
  Found 1 allocs.
all_memories(tag __anonstruct_Value_3):
  Found 0 memories.
all_memories(tag __anonstruct_Value_3):
  Found 0 memories.
all_allocs(tag __anonstruct_Value_3):
  Found 1 allocs.
all_allocs(tag __anonstruct_Value_3):
  Found 1 allocs.
all_memories(tag __anonstruct_Value_3):
  Found 0 memories.
all_memories(tag __anonstruct_Value_3):
  Found 0 memories.
all_allocs(tag __anonstruct_Value_3):
  Found 1 allocs.
all_allocs(tag __anonstruct_Value_3):
  Found 1 allocs.
all_memories(tag __anonstruct_Value_3):
  Found 0 memories.
all_allocs(tag __anonstruct_Value_3):
  Found 1 allocs.
all_tags(tag __anonstruct_Value_3):
  Found 1 tags.
all_memories(tag __anonstruct_Value_3):
  Found 0 memories.
all_memories(tag __anonstruct_Value_3):
  Found 0 memories.
all_tags(tag __anonstruct_Value_3):
  Found 1 tags.
all_memories(tag __anonstruct_Value_3):
  Found 0 memories.
all_tags(tag __anonstruct_Value_3):
  Found 1 tags.
all_memories(tag __anonstruct_Value_3):
  Found 0 memories.
all_tags(tag __anonstruct_Value_3):
  Found 1 tags.
all_memories(tag __anonstruct_Value_3):
  Found 0 memories.
all_allocs(tag __anonstruct_Value_3):
  Found 1 allocs.
all_tags(tag __anonstruct_Value_3):
  Found 1 tags.
all_memories(tag __anonstruct_Value_3):
  Found 0 memories.
all_allocs(tag __anonstruct_Value_3):
  Found 1 allocs.
all_memories(tag __anonstruct_Value_3):
  Found 0 memories.
all_memories(tag __anonstruct_Value_3):
  Found 0 memories.
all_allocs(tag __anonstruct_Value_3):
  Found 1 allocs.
all_allocs(tag __anonstruct_Value_3):
  Found 1 allocs.
all_tags(tag __anonstruct_Value_3):
  Found 1 tags.
all_memories(tag __anonstruct_Value_3):
  Found 0 memories.
all_memories(tag __anonstruct_Value_3):
  Found 0 memories.
all_tags(tag __anonstruct_Value_3):
  Found 1 tags.
all_memories(tag __anonstruct_Value_3):
  Found 0 memories.
all_tags(tag __anonstruct_Value_3):
  Found 1 tags.
all_memories(tag __anonstruct_Value_3):
  Found 0 memories.
all_tags(tag __anonstruct_Value_3):
  Found 1 tags.
all_memories(tag __anonstruct_Value_3):
  Found 0 memories.
all_allocs(tag __anonstruct_Value_3):
  Found 1 allocs.
all_tags(tag __anonstruct_Value_3):
  Found 1 tags.
all_memories(tag __anonstruct_Value_3):
  Found 0 memories.
all_allocs(tag __anonstruct_Value_3):
  Found 1 allocs.
all_memories(tag __anonstruct_Value_3):
  Found 0 memories.
all_memories(tag __anonstruct_Value_3):
  Found 0 memories.
all_allocs(tag __anonstruct_Value_3):
  Found 1 allocs.
all_tags(tag __anonstruct_Value_3):
  Found 1 tags.
all_memories(tag __anonstruct_Value_3):
  Found 0 memories.
all_allocs(tag __anonstruct_Value_3):
  Found 1 allocs.
all_memories(tag __anonstruct_Value_3):
  Found 0 memories.
all_allocs(tag __anonstruct_Value_3):
  Found 1 allocs.
all_memories(tag __anonstruct_Value_3):
  Found 0 memories.
all_memories(tag __anonstruct_Value_3):
  Found 0 memories.
all_tags(tag __anonstruct_Value_3):
  Found 1 tags.
all_memories(tag voidP):
  Found 0 memories.
all_tags(tag voidP):
  Found 1 tags.
all_memories(tag __anonstruct_Value_3):
  Found 0 memories.
all_allocs(tag __anonstruct_Value_3):
  Found 1 allocs.
all_memories(tag voidP):
  Found 0 memories.
all_allocs(tag voidP):
  Found 1 allocs.
all_memories(tag __anonstruct_Value_3):
  Found 0 memories.
all_tags(tag __anonstruct_Value_3):
  Found 1 tags.
all_memories(tag __anonstruct_Value_3):
  Found 0 memories.
all_tags(tag __anonstruct_Value_3):
  Found 1 tags.
all_memories(tag __anonstruct_Value_3):
  Found 0 memories.
all_tags(tag __anonstruct_Value_3):
  Found 1 tags.
all_memories(tag __anonstruct_Value_3):
  Found 0 memories.
all_tags(tag __anonstruct_Value_3):
  Found 1 tags.
all_memories(tag __anonstruct_Value_3):
  Found 0 memories.
all_tags(tag __anonstruct_Value_3):
  Found 1 tags.
all_memories(tag __anonstruct_Value_3):
  Found 0 memories.
all_tags(tag __anonstruct_Value_3):
  Found 1 tags.
all_memories(tag __anonstruct_Value_3):
  Found 0 memories.
all_allocs(tag __anonstruct_Value_3):
  Found 1 allocs.
all_memories(tag voidP):
  Found 0 memories.
all_allocs(tag voidP):
  Found 1 allocs.
all_memories(tag __anonstruct_Value_3):
  Found 0 memories.
all_allocs(tag __anonstruct_Value_3):
  Found 1 allocs.
all_memories(tag voidP):
  Found 0 memories.
all_allocs(tag voidP):
  Found 1 allocs.
all_memories(tag __anonstruct_Value_3):
  Found 0 memories.
all_allocs(tag __anonstruct_Value_3):
  Found 1 allocs.
all_memories(tag voidP):
  Found 0 memories.
all_allocs(tag voidP):
  Found 1 allocs.
all_memories(tag __anonstruct_Value_3):
  Found 0 memories.
all_allocs(tag __anonstruct_Value_3):
  Found 1 allocs.
all_memories(tag voidP):
  Found 0 memories.
all_allocs(tag voidP):
  Found 1 allocs.
all_memories(tag __anonstruct_Value_3):
  Found 0 memories.
all_allocs(tag __anonstruct_Value_3):
  Found 1 allocs.
all_memories(tag voidP):
  Found 0 memories.
all_allocs(tag voidP):
  Found 1 allocs.
all_allocs(tag charP):
  Found 1 allocs.
all_memories(tag charP):
  Found 0 memories.
all_memories(tag charP):
  Found 0 memories.
all_allocs(tag charP):
  Found 1 allocs.
all_allocs(tag charP):
  Found 1 allocs.
all_memories(tag charP):
  Found 0 memories.
all_allocs(tag charP):
  Found 1 allocs.
all_tags(tag charP):
  Found 1 tags.
all_memories(tag charP):
  Found 0 memories.
all_memories(tag charP):
  Found 0 memories.
all_tags(tag charP):
  Found 1 tags.
all_memories(tag charP):
  Found 0 memories.
all_tags(tag charP):
  Found 1 tags.
all_memories(tag charP):
  Found 0 memories.
all_tags(tag charP):
  Found 1 tags.
all_memories(tag charP):
  Found 0 memories.
all_allocs(tag charP):
  Found 1 allocs.
all_tags(tag charP):
  Found 1 tags.
all_memories(tag charP):
  Found 0 memories.
all_allocs(tag charP):
  Found 1 allocs.
all_memories(tag charP):
  Found 0 memories.
all_memories(tag charP):
  Found 0 memories.
all_allocs(tag charP):
  Found 1 allocs.
all_allocs(tag charP):
  Found 1 allocs.
all_memories(tag charP):
  Found 0 memories.
all_memories(tag charP):
  Found 0 memories.
all_allocs(tag charP):
  Found 1 allocs.
all_allocs(tag charP):
  Found 1 allocs.
all_memories(tag charP):
  Found 0 memories.
all_allocs(tag charP):
  Found 1 allocs.
all_tags(tag charP):
  Found 1 tags.
all_memories(tag charP):
  Found 0 memories.
all_memories(tag charP):
  Found 0 memories.
all_tags(tag charP):
  Found 1 tags.
all_memories(tag charP):
  Found 0 memories.
all_tags(tag charP):
  Found 1 tags.
all_memories(tag charP):
  Found 0 memories.
all_tags(tag charP):
  Found 1 tags.
all_memories(tag charP):
  Found 0 memories.
all_allocs(tag charP):
  Found 1 allocs.
all_tags(tag charP):
  Found 1 tags.
all_memories(tag charP):
  Found 0 memories.
all_allocs(tag charP):
  Found 1 allocs.
all_memories(tag charP):
  Found 0 memories.
all_memories(tag charP):
  Found 0 memories.
all_allocs(tag charP):
  Found 1 allocs.
all_allocs(tag charP):
  Found 1 allocs.
all_tags(tag charP):
  Found 1 tags.
all_memories(tag charP):
  Found 0 memories.
all_memories(tag charP):
  Found 0 memories.
all_tags(tag charP):
  Found 1 tags.
all_memories(tag charP):
  Found 0 memories.
all_tags(tag charP):
  Found 1 tags.
all_memories(tag charP):
  Found 0 memories.
all_tags(tag charP):
  Found 1 tags.
all_memories(tag charP):
  Found 0 memories.
all_allocs(tag charP):
  Found 1 allocs.
all_tags(tag charP):
  Found 1 tags.
all_memories(tag charP):
  Found 0 memories.
all_allocs(tag charP):
  Found 1 allocs.
all_memories(tag charP):
  Found 0 memories.
all_memories(tag charP):
  Found 0 memories.
all_allocs(tag charP):
  Found 1 allocs.
all_tags(tag charP):
  Found 1 tags.
all_memories(tag charP):
  Found 0 memories.
all_allocs(tag charP):
  Found 1 allocs.
all_memories(tag charP):
  Found 0 memories.
all_allocs(tag charP):
  Found 1 allocs.
all_memories(tag charP):
  Found 0 memories.
all_memories(tag charP):
  Found 0 memories.
all_tags(tag charP):
  Found 1 tags.
all_memories(tag voidP):
  Found 0 memories.
all_tags(tag voidP):
  Found 1 tags.
all_memories(tag charP):
  Found 0 memories.
all_allocs(tag charP):
  Found 1 allocs.
all_memories(tag voidP):
  Found 0 memories.
all_allocs(tag voidP):
  Found 1 allocs.
all_memories(tag charP):
  Found 0 memories.
all_tags(tag charP):
  Found 1 tags.
all_memories(tag charP):
  Found 0 memories.
all_tags(tag charP):
  Found 1 tags.
all_memories(tag charP):
  Found 0 memories.
all_tags(tag charP):
  Found 1 tags.
all_memories(tag charP):
  Found 0 memories.
all_tags(tag charP):
  Found 1 tags.
all_memories(tag charP):
  Found 0 memories.
all_tags(tag charP):
  Found 1 tags.
all_memories(tag charP):
  Found 0 memories.
all_tags(tag charP):
  Found 1 tags.
all_memories(tag charP):
  Found 0 memories.
all_allocs(tag charP):
  Found 1 allocs.
all_memories(tag voidP):
  Found 0 memories.
all_allocs(tag voidP):
  Found 1 allocs.
all_memories(tag charP):
  Found 0 memories.
all_allocs(tag charP):
  Found 1 allocs.
all_memories(tag voidP):
  Found 0 memories.
all_allocs(tag voidP):
  Found 1 allocs.
all_memories(tag charP):
  Found 0 memories.
all_allocs(tag charP):
  Found 1 allocs.
all_memories(tag voidP):
  Found 0 memories.
all_allocs(tag voidP):
  Found 1 allocs.
all_memories(tag charP):
  Found 0 memories.
all_allocs(tag charP):
  Found 1 allocs.
all_memories(tag voidP):
  Found 0 memories.
all_allocs(tag voidP):
  Found 1 allocs.
all_memories(tag charP):
  Found 0 memories.
all_allocs(tag charP):
  Found 1 allocs.
all_memories(tag voidP):
  Found 0 memories.
all_allocs(tag voidP):
  Found 1 allocs.
all_allocs(tag voidP):
  Found 1 allocs.
all_memories(tag voidP):
  Found 0 memories.
all_memories(tag voidP):
  Found 0 memories.
all_allocs(tag voidP):
  Found 1 allocs.
all_allocs(tag voidP):
  Found 1 allocs.
all_memories(tag voidP):
  Found 0 memories.
all_allocs(tag voidP):
  Found 1 allocs.
all_tags(tag voidP):
  Found 1 tags.
all_memories(tag voidP):
  Found 0 memories.
all_memories(tag voidP):
  Found 0 memories.
all_tags(tag voidP):
  Found 1 tags.
all_memories(tag voidP):
  Found 0 memories.
all_tags(tag voidP):
  Found 1 tags.
all_memories(tag voidP):
  Found 0 memories.
all_tags(tag voidP):
  Found 1 tags.
all_memories(tag voidP):
  Found 0 memories.
all_allocs(tag voidP):
  Found 1 allocs.
all_tags(tag voidP):
  Found 1 tags.
all_memories(tag voidP):
  Found 0 memories.
all_allocs(tag voidP):
  Found 1 allocs.
all_memories(tag voidP):
  Found 0 memories.
all_memories(tag voidP):
  Found 0 memories.
all_allocs(tag voidP):
  Found 1 allocs.
all_allocs(tag voidP):
  Found 1 allocs.
all_memories(tag voidP):
  Found 0 memories.
all_memories(tag voidP):
  Found 0 memories.
all_allocs(tag voidP):
  Found 1 allocs.
all_allocs(tag voidP):
  Found 1 allocs.
all_memories(tag voidP):
  Found 0 memories.
all_allocs(tag voidP):
  Found 1 allocs.
all_tags(tag voidP):
  Found 1 tags.
all_memories(tag voidP):
  Found 0 memories.
all_memories(tag voidP):
  Found 0 memories.
all_tags(tag voidP):
  Found 1 tags.
all_memories(tag voidP):
  Found 0 memories.
all_tags(tag voidP):
  Found 1 tags.
all_memories(tag voidP):
  Found 0 memories.
all_tags(tag voidP):
  Found 1 tags.
all_memories(tag voidP):
  Found 0 memories.
all_allocs(tag voidP):
  Found 1 allocs.
all_tags(tag voidP):
  Found 1 tags.
all_memories(tag voidP):
  Found 0 memories.
all_allocs(tag voidP):
  Found 1 allocs.
all_memories(tag voidP):
  Found 0 memories.
all_memories(tag voidP):
  Found 0 memories.
all_allocs(tag voidP):
  Found 1 allocs.
all_allocs(tag voidP):
  Found 1 allocs.
all_tags(tag voidP):
  Found 1 tags.
all_memories(tag voidP):
  Found 0 memories.
all_memories(tag voidP):
  Found 0 memories.
all_tags(tag voidP):
  Found 1 tags.
all_memories(tag voidP):
  Found 0 memories.
all_tags(tag voidP):
  Found 1 tags.
all_memories(tag voidP):
  Found 0 memories.
all_tags(tag voidP):
  Found 1 tags.
all_memories(tag voidP):
  Found 0 memories.
all_allocs(tag voidP):
  Found 1 allocs.
all_tags(tag voidP):
  Found 1 tags.
all_memories(tag voidP):
  Found 0 memories.
all_allocs(tag voidP):
  Found 1 allocs.
all_memories(tag voidP):
  Found 0 memories.
all_memories(tag voidP):
  Found 0 memories.
all_allocs(tag voidP):
  Found 1 allocs.
all_tags(tag voidP):
  Found 1 tags.
all_memories(tag voidP):
  Found 0 memories.
all_allocs(tag voidP):
  Found 1 allocs.
all_memories(tag voidP):
  Found 0 memories.
all_allocs(tag voidP):
  Found 1 allocs.
all_memories(tag voidP):
  Found 0 memories.
all_memories(tag voidP):
  Found 0 memories.
all_tags(tag voidP):
  Found 1 tags.
all_memories(tag voidP):
  Found 0 memories.
all_allocs(tag voidP):
  Found 1 allocs.
all_memories(tag voidP):
  Found 0 memories.
all_tags(tag voidP):
  Found 1 tags.
all_memories(tag voidP):
  Found 0 memories.
all_tags(tag voidP):
  Found 1 tags.
all_memories(tag voidP):
  Found 0 memories.
all_tags(tag voidP):
  Found 1 tags.
all_memories(tag voidP):
  Found 0 memories.
all_tags(tag voidP):
  Found 1 tags.
all_memories(tag voidP):
  Found 0 memories.
all_tags(tag voidP):
  Found 1 tags.
all_memories(tag voidP):
  Found 0 memories.
all_tags(tag voidP):
  Found 1 tags.
all_memories(tag voidP):
  Found 0 memories.
all_allocs(tag voidP):
  Found 1 allocs.
all_memories(tag voidP):
  Found 0 memories.
all_allocs(tag voidP):
  Found 1 allocs.
all_memories(tag voidP):
  Found 0 memories.
all_allocs(tag voidP):
  Found 1 allocs.
all_memories(tag voidP):
  Found 0 memories.
all_allocs(tag voidP):
  Found 1 allocs.
all_memories(tag voidP):
  Found 0 memories.
all_allocs(tag voidP):
  Found 1 allocs.
Translate variants
Translate global regions
Translate exceptions
Translate enumerated types
Translate dummies
Translate standalone logic functions
Logic function count
Logic function count_exist
Logic function is_valid_map_mem
Logic function is_valid_map_sizes
Logic function begin_ok
Logic function is_valid_item
Logic function count_ok
Logic function gap_ok
Logic function is_valid_items
Logic function compare_keys_now
Logic function compare_values_now
Logic function compare_keys
Logic function compare_values
Logic function valid_existence
Logic function item_exists
Logic function item_exists_t
Logic function get_key
Logic function get_key_t
Logic function get_value
Logic function get_value_t
Logic function get_item
Logic function get_item_t
Logic function all_valid_existence
Logic function unique_keys
Logic function compare_items
Logic function count_lowers
Logic function same_count
Logic function same_capacity
Logic function same_items
Logic function no_mchg
Logic function no_new
Logic function is_valid_map
Translate axiomatic declarations
Axiomatic Padding
Translate lemmas
Translate functions
Pre-treatement Function finalizeMap
Pre-treatement Function removeElement
Pre-treatement Function getElement
Function finalizeMap
all_memories(tag __anonstruct_Item_4):
  Found 2 memories.
all_allocs(tag __anonstruct_Item_4):
  Found 2 allocs.
all_memories(tag __anonstruct_Item_4):
  Found 2 memories.
all_allocs(tag __anonstruct_Item_4):
  Found 2 allocs.
all_memories(tag __anonstruct_Item_4):
  Found 2 memories.
all_allocs(tag __anonstruct_Item_4):
  Found 2 allocs.
all_memories(tag __anonstruct_Item_4):
  Found 2 memories.
all_allocs(tag __anonstruct_Item_4):
  Found 2 allocs.
all_memories(tag __anonstruct_Item_4):
  Found 2 memories.
all_allocs(tag __anonstruct_Item_4):
  Found 2 allocs.
all_memories(tag __anonstruct_Item_4):
  Found 2 memories.
all_allocs(tag __anonstruct_Item_4):
  Found 2 allocs.
all_memories(tag __anonstruct_Item_4):
  Found 2 memories.
all_allocs(tag __anonstruct_Item_4):
  Found 2 allocs.
all_allocs(tag __anonstruct_Item_4):
  Found 2 allocs.
all_memories(tag __anonstruct_Item_4):
  Found 2 memories.
all_memories(tag __anonstruct_Item_4):
  Found 2 memories.
all_allocs(tag __anonstruct_Item_4):
  Found 2 allocs.
all_allocs(tag __anonstruct_Item_4):
  Found 2 allocs.
all_memories(tag __anonstruct_Item_4):
  Found 2 memories.
Function removeElement
Function getElement
Produce makefile
