WHYLIB is not set, using /home/ubse/.opam/4.10.0/lib/astraver as default
Parsing
Normalization
Typing logic labels
Typing code
Typing axiomatic Padding
Typing logic type declaration padding
Typing axiomatic Padding
Typing tag voidP
Typing tag charP
Typing tag __anonstruct_Key_2
Typing tag __anonstruct_Value_3
Typing tag __anonstruct_Item_4
Typing tag __anonstruct_Map_5
Computation of call graph
***********************************
Logic call graph: has 5 components
***********************************
Component 0:
 is_valid_map_mem calls: 

Component 1:
 is_valid_map_sizes calls: 

Component 2:
 is_valid_item calls: is_valid_map_sizes,
is_valid_map_mem

Component 3:
 is_valid_items calls: is_valid_item

Component 4:
 is_valid_map calls: is_valid_items, is_valid_map_sizes,
is_valid_map_mem

******************************
Call graph: has 1 components
******************************
Component 0:
 finalizeMap calls: 

Adding invariants
Computation of regions
Separation: treating function finalizeMap
Separation: treating function finalizeMap
Computation of effects
Effects: doing one iteration
Effects: doing one iteration
Effects: fixpoint reached
Effects for logic function is_valid_map_mem:
 alloc_table: (items_8 : alloc-root "voidP") at (L),
              (items_8 : alloc-root "__anonstruct_Value_3") at (L),
              (map_2 : alloc-root "__anonstruct_Map_5") at (L),
              (items_8 : alloc-root "__anonstruct_Key_2") at (L)
 tag_table: 
 memories: (map_2 : mem-field "capacity") at (L),
           (map_2 : mem-field "items") at (L),
           (items_8 : mem-field "value") at (L),
           (items_8 : mem-field "key") at (L)
 raw memories: 
 precise memories: 
 globals: 
 locals: map at (Here)

Effects: doing one iteration
Effects: doing one iteration
Effects: fixpoint reached
Effects for logic function is_valid_map_sizes:
 alloc_table: 
 tag_table: 
 memories: (map_0_3 : mem-field "count") at (L),
           (map_0_3 : mem-field "capacity") at (L)
 raw memories: 
 precise memories: 
 globals: 
 locals: map_0 at (Here)

Effects: doing one iteration
Effects: doing one iteration
Effects: fixpoint reached
Effects for logic function is_valid_item:
 alloc_table: (items_9 : alloc-root "voidP") at (L),
              (items_9 : alloc-root "__anonstruct_Value_3") at (L),
              (map_1_4 : alloc-root "__anonstruct_Map_5") at (L),
              (items_9 : alloc-root "__anonstruct_Key_2") at (L)
 tag_table: 
 memories: (map_1_4 : mem-field "count") at (L),
           (map_1_4 : mem-field "capacity") at (L),
           (map_1_4 : mem-field "items") at (L),
           (items_9 : mem-field "existent") at (L),
           (items_9 : mem-field "value") at (L),
           (items_9 : mem-field "key") at (L),
           (items_9 : mem-field "d") at (L),
           (items_9 : mem-field "c") at (L),
           (items_9 : mem-field "b") at (L), (items_9 : mem-field "a") at (L)
 raw memories: 
 precise memories: 
 globals: 
 locals: idx at (Here), map_1 at (Here)

Effects: doing one iteration
Effects: doing one iteration
Effects: fixpoint reached
Effects for logic function is_valid_items:
 alloc_table: (items_18 : alloc-root "voidP") at (L),
              (items_18 : alloc-root "__anonstruct_Value_3") at (L),
              (map_2_5 : alloc-root "__anonstruct_Map_5") at (L),
              (items_18 : alloc-root "__anonstruct_Key_2") at (L)
 tag_table: 
 memories: (map_2_5 : mem-field "count") at (L),
           (map_2_5 : mem-field "capacity") at (L),
           (map_2_5 : mem-field "items") at (L),
           (items_18 : mem-field "existent") at (L),
           (items_18 : mem-field "value") at (L),
           (items_18 : mem-field "key") at (L),
           (items_18 : mem-field "d") at (L),
           (items_18 : mem-field "c") at (L),
           (items_18 : mem-field "b") at (L),
           (items_18 : mem-field "a") at (L)
 raw memories: 
 precise memories: 
 globals: 
 locals: map_2 at (Here)

Effects: doing one iteration
Effects: doing one iteration
Effects: fixpoint reached
Effects for logic function is_valid_map:
 alloc_table: (items_22 : alloc-root "voidP") at (L),
              (items_22 : alloc-root "__anonstruct_Value_3") at (L),
              (map_3_6 : alloc-root "__anonstruct_Map_5") at (L),
              (items_22 : alloc-root "__anonstruct_Key_2") at (L)
 tag_table: 
 memories: (map_3_6 : mem-field "count") at (L),
           (map_3_6 : mem-field "capacity") at (L),
           (map_3_6 : mem-field "items") at (L),
           (items_22 : mem-field "existent") at (L),
           (items_22 : mem-field "value") at (L),
           (items_22 : mem-field "key") at (L),
           (items_22 : mem-field "d") at (L),
           (items_22 : mem-field "c") at (L),
           (items_22 : mem-field "b") at (L),
           (items_22 : mem-field "a") at (L)
 raw memories: 
 precise memories: 
 globals: 
 locals: map_3 at (Here)

Effects: doing one iteration...
all_memories(tag __anonstruct_Item_4):
  Found 2 memories.
all_allocs(tag __anonstruct_Item_4):
  Found 3 allocs.
Effects: doing one iteration...
all_memories(tag __anonstruct_Item_4):
  Found 2 memories.
all_allocs(tag __anonstruct_Item_4):
  Found 3 allocs.
Effects: doing one iteration...
all_memories(tag __anonstruct_Item_4):
  Found 2 memories.
all_allocs(tag __anonstruct_Item_4):
  Found 3 allocs.
Effects: doing one iteration...
all_memories(tag __anonstruct_Item_4):
  Found 2 memories.
all_allocs(tag __anonstruct_Item_4):
  Found 3 allocs.
Effects: fixpoint reached
Effects for function finalizeMap:
 reads:  alloc_table: (items_10 : alloc-root "voidP") at (Here, Old),
                      (items_10 : alloc-root "__anonstruct_Value_3") at (Here,
                      Old),
                      (map_7 : alloc-root "__anonstruct_Map_5") at (Here,
                      Old),
                      (items_10 : alloc-root "__anonstruct_Key_2") at (Here,
                      Old)
         tag_table: 
         memories: (map_7 : mem-field "count") at (Here),
                   (map_7 : mem-field "capacity") at (Here, Old),
                   (map_7 : mem-field "items") at (Here),
                   (items_10 : mem-field "existent") at (Here),
                   (items_10 : mem-field "value") at (Here, Old),
                   (items_10 : mem-field "key") at (Here, Old),
                   (items_10 : mem-field "d") at (Here),
                   (items_10 : mem-field "c") at (Here),
                   (items_10 : mem-field "b") at (Here),
                   (items_10 : mem-field "a") at (Here)
         raw memories: (map_7 : mem-field "capacity") at (Old),
                       (map_7 : mem-field "items") at (Here),
                       (items_10 : mem-field "value") at (Here, Old),
                       (items_10 : mem-field "key") at (Here, Old)
         precise memories: 
         globals: 
         locals: map at (Here)

 writes:  alloc_table: (map_7 : alloc-root "__anonstruct_Map_5") at (Old)
          tag_table: 
          memories: (map_7 : mem-field "items") at (Old),
                    (items_10 : mem-field "existent") at (Old),
                    (items_10 : mem-field "d") at (Old),
                    (items_10 : mem-field "c") at (Old),
                    (items_10 : mem-field "b") at (Old),
                    (items_10 : mem-field "a") at (Old)
          raw memories: (map_7 : mem-field "items") at (Old),
                        (items_10 : mem-field "existent") at (Old),
                        (items_10 : mem-field "d") at (Old),
                        (items_10 : mem-field "c") at (Old),
                        (items_10 : mem-field "b") at (Old),
                        (items_10 : mem-field "a") at (Old)
          precise memories: 
          globals: 
          locals: 

 raises: 
Translate logic types
Translate structures
all_allocs(tag __anonstruct_Item_4):
  Found 3 allocs.
all_memories(tag __anonstruct_Item_4):
  Found 2 memories.
all_memories(tag __anonstruct_Item_4):
  Found 2 memories.
all_allocs(tag __anonstruct_Item_4):
  Found 3 allocs.
all_allocs(tag __anonstruct_Item_4):
  Found 3 allocs.
all_memories(tag __anonstruct_Item_4):
  Found 2 memories.
all_allocs(tag __anonstruct_Item_4):
  Found 3 allocs.
all_tags(tag __anonstruct_Item_4):
  Found 3 tags.
all_memories(tag __anonstruct_Item_4):
  Found 2 memories.
all_memories(tag __anonstruct_Item_4):
  Found 2 memories.
all_tags(tag __anonstruct_Item_4):
  Found 3 tags.
all_memories(tag __anonstruct_Item_4):
  Found 2 memories.
all_tags(tag __anonstruct_Item_4):
  Found 3 tags.
all_memories(tag __anonstruct_Item_4):
  Found 2 memories.
all_tags(tag __anonstruct_Item_4):
  Found 3 tags.
all_memories(tag __anonstruct_Item_4):
  Found 2 memories.
all_allocs(tag __anonstruct_Item_4):
  Found 3 allocs.
all_tags(tag __anonstruct_Item_4):
  Found 3 tags.
all_memories(tag __anonstruct_Item_4):
  Found 2 memories.
all_allocs(tag __anonstruct_Item_4):
  Found 3 allocs.
all_memories(tag __anonstruct_Item_4):
  Found 2 memories.
all_memories(tag __anonstruct_Item_4):
  Found 2 memories.
all_allocs(tag __anonstruct_Item_4):
  Found 3 allocs.
all_allocs(tag __anonstruct_Item_4):
  Found 3 allocs.
all_memories(tag __anonstruct_Item_4):
  Found 2 memories.
all_memories(tag __anonstruct_Item_4):
  Found 2 memories.
all_allocs(tag __anonstruct_Item_4):
  Found 3 allocs.
all_allocs(tag __anonstruct_Item_4):
  Found 3 allocs.
all_memories(tag __anonstruct_Item_4):
  Found 2 memories.
all_allocs(tag __anonstruct_Item_4):
  Found 3 allocs.
all_tags(tag __anonstruct_Item_4):
  Found 3 tags.
all_memories(tag __anonstruct_Item_4):
  Found 2 memories.
all_memories(tag __anonstruct_Item_4):
  Found 2 memories.
all_tags(tag __anonstruct_Item_4):
  Found 3 tags.
all_memories(tag __anonstruct_Item_4):
  Found 2 memories.
all_tags(tag __anonstruct_Item_4):
  Found 3 tags.
all_memories(tag __anonstruct_Item_4):
  Found 2 memories.
all_tags(tag __anonstruct_Item_4):
  Found 3 tags.
all_memories(tag __anonstruct_Item_4):
  Found 2 memories.
all_allocs(tag __anonstruct_Item_4):
  Found 3 allocs.
all_tags(tag __anonstruct_Item_4):
  Found 3 tags.
all_memories(tag __anonstruct_Item_4):
  Found 2 memories.
all_allocs(tag __anonstruct_Item_4):
  Found 3 allocs.
all_memories(tag __anonstruct_Item_4):
  Found 2 memories.
all_memories(tag __anonstruct_Item_4):
  Found 2 memories.
all_allocs(tag __anonstruct_Item_4):
  Found 3 allocs.
all_allocs(tag __anonstruct_Item_4):
  Found 3 allocs.
all_tags(tag __anonstruct_Item_4):
  Found 3 tags.
all_memories(tag __anonstruct_Item_4):
  Found 2 memories.
all_memories(tag __anonstruct_Item_4):
  Found 2 memories.
all_tags(tag __anonstruct_Item_4):
  Found 3 tags.
all_memories(tag __anonstruct_Item_4):
  Found 2 memories.
all_tags(tag __anonstruct_Item_4):
  Found 3 tags.
all_memories(tag __anonstruct_Item_4):
  Found 2 memories.
all_tags(tag __anonstruct_Item_4):
  Found 3 tags.
all_memories(tag __anonstruct_Item_4):
  Found 2 memories.
all_allocs(tag __anonstruct_Item_4):
  Found 3 allocs.
all_tags(tag __anonstruct_Item_4):
  Found 3 tags.
all_memories(tag __anonstruct_Item_4):
  Found 2 memories.
all_allocs(tag __anonstruct_Item_4):
  Found 3 allocs.
all_memories(tag __anonstruct_Item_4):
  Found 2 memories.
all_memories(tag __anonstruct_Item_4):
  Found 2 memories.
all_allocs(tag __anonstruct_Item_4):
  Found 3 allocs.
all_tags(tag __anonstruct_Item_4):
  Found 3 tags.
all_memories(tag __anonstruct_Item_4):
  Found 2 memories.
all_allocs(tag __anonstruct_Item_4):
  Found 3 allocs.
all_memories(tag __anonstruct_Item_4):
  Found 2 memories.
all_allocs(tag __anonstruct_Item_4):
  Found 3 allocs.
all_memories(tag __anonstruct_Item_4):
  Found 2 memories.
all_memories(tag __anonstruct_Item_4):
  Found 2 memories.
all_tags(tag __anonstruct_Item_4):
  Found 3 tags.
all_memories(tag voidP):
  Found 0 memories.
all_tags(tag voidP):
  Found 1 tags.
all_memories(tag __anonstruct_Value_3):
  Found 0 memories.
all_tags(tag __anonstruct_Value_3):
  Found 1 tags.
all_memories(tag __anonstruct_Key_2):
  Found 0 memories.
all_tags(tag __anonstruct_Key_2):
  Found 1 tags.
all_memories(tag __anonstruct_Value_3):
  Found 0 memories.
all_tags(tag __anonstruct_Value_3):
  Found 1 tags.
all_memories(tag __anonstruct_Key_2):
  Found 0 memories.
all_tags(tag __anonstruct_Key_2):
  Found 1 tags.
all_memories(tag __anonstruct_Item_4):
  Found 2 memories.
all_allocs(tag __anonstruct_Item_4):
  Found 3 allocs.
all_memories(tag voidP):
  Found 0 memories.
all_allocs(tag voidP):
  Found 1 allocs.
all_memories(tag __anonstruct_Value_3):
  Found 0 memories.
all_allocs(tag __anonstruct_Value_3):
  Found 1 allocs.
all_memories(tag __anonstruct_Key_2):
  Found 0 memories.
all_allocs(tag __anonstruct_Key_2):
  Found 1 allocs.
all_memories(tag __anonstruct_Value_3):
  Found 0 memories.
all_allocs(tag __anonstruct_Value_3):
  Found 1 allocs.
all_memories(tag __anonstruct_Key_2):
  Found 0 memories.
all_allocs(tag __anonstruct_Key_2):
  Found 1 allocs.
all_memories(tag __anonstruct_Item_4):
  Found 2 memories.
all_tags(tag __anonstruct_Item_4):
  Found 3 tags.
all_memories(tag __anonstruct_Value_3):
  Found 0 memories.
all_tags(tag __anonstruct_Value_3):
  Found 1 tags.
all_memories(tag __anonstruct_Key_2):
  Found 0 memories.
all_tags(tag __anonstruct_Key_2):
  Found 1 tags.
all_memories(tag __anonstruct_Item_4):
  Found 2 memories.
all_tags(tag __anonstruct_Item_4):
  Found 3 tags.
all_memories(tag __anonstruct_Value_3):
  Found 0 memories.
all_tags(tag __anonstruct_Value_3):
  Found 1 tags.
all_memories(tag __anonstruct_Key_2):
  Found 0 memories.
all_tags(tag __anonstruct_Key_2):
  Found 1 tags.
all_memories(tag __anonstruct_Value_3):
  Found 0 memories.
all_tags(tag __anonstruct_Value_3):
  Found 1 tags.
all_memories(tag __anonstruct_Key_2):
  Found 0 memories.
all_tags(tag __anonstruct_Key_2):
  Found 1 tags.
all_memories(tag __anonstruct_Value_3):
  Found 0 memories.
all_tags(tag __anonstruct_Value_3):
  Found 1 tags.
all_memories(tag __anonstruct_Key_2):
  Found 0 memories.
all_tags(tag __anonstruct_Key_2):
  Found 1 tags.
all_memories(tag __anonstruct_Item_4):
  Found 2 memories.
all_tags(tag __anonstruct_Item_4):
  Found 3 tags.
all_memories(tag __anonstruct_Value_3):
  Found 0 memories.
all_tags(tag __anonstruct_Value_3):
  Found 1 tags.
all_memories(tag __anonstruct_Key_2):
  Found 0 memories.
all_tags(tag __anonstruct_Key_2):
  Found 1 tags.
all_memories(tag __anonstruct_Item_4):
  Found 2 memories.
all_tags(tag __anonstruct_Item_4):
  Found 3 tags.
all_memories(tag __anonstruct_Value_3):
  Found 0 memories.
all_tags(tag __anonstruct_Value_3):
  Found 1 tags.
all_memories(tag __anonstruct_Key_2):
  Found 0 memories.
all_tags(tag __anonstruct_Key_2):
  Found 1 tags.
all_memories(tag __anonstruct_Value_3):
  Found 0 memories.
all_tags(tag __anonstruct_Value_3):
  Found 1 tags.
all_memories(tag __anonstruct_Key_2):
  Found 0 memories.
all_tags(tag __anonstruct_Key_2):
  Found 1 tags.
all_memories(tag __anonstruct_Value_3):
  Found 0 memories.
all_tags(tag __anonstruct_Value_3):
  Found 1 tags.
all_memories(tag __anonstruct_Key_2):
  Found 0 memories.
all_tags(tag __anonstruct_Key_2):
  Found 1 tags.
all_memories(tag __anonstruct_Item_4):
  Found 2 memories.
all_tags(tag __anonstruct_Item_4):
  Found 3 tags.
all_memories(tag __anonstruct_Value_3):
  Found 0 memories.
all_tags(tag __anonstruct_Value_3):
  Found 1 tags.
all_memories(tag __anonstruct_Key_2):
  Found 0 memories.
all_tags(tag __anonstruct_Key_2):
  Found 1 tags.
all_memories(tag __anonstruct_Item_4):
  Found 2 memories.
all_tags(tag __anonstruct_Item_4):
  Found 3 tags.
all_memories(tag __anonstruct_Value_3):
  Found 0 memories.
all_tags(tag __anonstruct_Value_3):
  Found 1 tags.
all_memories(tag __anonstruct_Key_2):
  Found 0 memories.
all_tags(tag __anonstruct_Key_2):
  Found 1 tags.
all_memories(tag __anonstruct_Value_3):
  Found 0 memories.
all_tags(tag __anonstruct_Value_3):
  Found 1 tags.
all_memories(tag __anonstruct_Key_2):
  Found 0 memories.
all_tags(tag __anonstruct_Key_2):
  Found 1 tags.
all_memories(tag __anonstruct_Value_3):
  Found 0 memories.
all_tags(tag __anonstruct_Value_3):
  Found 1 tags.
all_memories(tag __anonstruct_Key_2):
  Found 0 memories.
all_tags(tag __anonstruct_Key_2):
  Found 1 tags.
all_memories(tag __anonstruct_Item_4):
  Found 2 memories.
all_allocs(tag __anonstruct_Item_4):
  Found 3 allocs.
all_memories(tag voidP):
  Found 0 memories.
all_allocs(tag voidP):
  Found 1 allocs.
all_memories(tag __anonstruct_Value_3):
  Found 0 memories.
all_allocs(tag __anonstruct_Value_3):
  Found 1 allocs.
all_memories(tag __anonstruct_Key_2):
  Found 0 memories.
all_allocs(tag __anonstruct_Key_2):
  Found 1 allocs.
all_memories(tag __anonstruct_Item_4):
  Found 2 memories.
all_allocs(tag __anonstruct_Item_4):
  Found 3 allocs.
all_memories(tag voidP):
  Found 0 memories.
all_allocs(tag voidP):
  Found 1 allocs.
all_memories(tag __anonstruct_Value_3):
  Found 0 memories.
all_allocs(tag __anonstruct_Value_3):
  Found 1 allocs.
all_memories(tag __anonstruct_Key_2):
  Found 0 memories.
all_allocs(tag __anonstruct_Key_2):
  Found 1 allocs.
all_memories(tag __anonstruct_Item_4):
  Found 2 memories.
all_allocs(tag __anonstruct_Item_4):
  Found 3 allocs.
all_memories(tag voidP):
  Found 0 memories.
all_allocs(tag voidP):
  Found 1 allocs.
all_memories(tag __anonstruct_Value_3):
  Found 0 memories.
all_allocs(tag __anonstruct_Value_3):
  Found 1 allocs.
all_memories(tag __anonstruct_Key_2):
  Found 0 memories.
all_allocs(tag __anonstruct_Key_2):
  Found 1 allocs.
all_memories(tag __anonstruct_Item_4):
  Found 2 memories.
all_allocs(tag __anonstruct_Item_4):
  Found 3 allocs.
all_memories(tag voidP):
  Found 0 memories.
all_allocs(tag voidP):
  Found 1 allocs.
all_memories(tag __anonstruct_Value_3):
  Found 0 memories.
all_allocs(tag __anonstruct_Value_3):
  Found 1 allocs.
all_memories(tag __anonstruct_Key_2):
  Found 0 memories.
all_allocs(tag __anonstruct_Key_2):
  Found 1 allocs.
all_memories(tag __anonstruct_Value_3):
  Found 0 memories.
all_allocs(tag __anonstruct_Value_3):
  Found 1 allocs.
all_memories(tag __anonstruct_Key_2):
  Found 0 memories.
all_allocs(tag __anonstruct_Key_2):
  Found 1 allocs.
all_memories(tag __anonstruct_Value_3):
  Found 0 memories.
all_allocs(tag __anonstruct_Value_3):
  Found 1 allocs.
all_memories(tag __anonstruct_Key_2):
  Found 0 memories.
all_allocs(tag __anonstruct_Key_2):
  Found 1 allocs.
all_memories(tag __anonstruct_Item_4):
  Found 2 memories.
all_allocs(tag __anonstruct_Item_4):
  Found 3 allocs.
all_memories(tag voidP):
  Found 0 memories.
all_allocs(tag voidP):
  Found 1 allocs.
all_memories(tag __anonstruct_Value_3):
  Found 0 memories.
all_allocs(tag __anonstruct_Value_3):
  Found 1 allocs.
all_memories(tag __anonstruct_Key_2):
  Found 0 memories.
all_allocs(tag __anonstruct_Key_2):
  Found 1 allocs.
all_memories(tag __anonstruct_Value_3):
  Found 0 memories.
all_allocs(tag __anonstruct_Value_3):
  Found 1 allocs.
all_memories(tag __anonstruct_Key_2):
  Found 0 memories.
all_allocs(tag __anonstruct_Key_2):
  Found 1 allocs.
all_memories(tag __anonstruct_Value_3):
  Found 0 memories.
all_allocs(tag __anonstruct_Value_3):
  Found 1 allocs.
all_memories(tag __anonstruct_Key_2):
  Found 0 memories.
all_allocs(tag __anonstruct_Key_2):
  Found 1 allocs.
all_allocs(tag __anonstruct_Key_2):
  Found 1 allocs.
all_memories(tag __anonstruct_Key_2):
  Found 0 memories.
all_memories(tag __anonstruct_Key_2):
  Found 0 memories.
all_allocs(tag __anonstruct_Key_2):
  Found 1 allocs.
all_allocs(tag __anonstruct_Key_2):
  Found 1 allocs.
all_memories(tag __anonstruct_Key_2):
  Found 0 memories.
all_allocs(tag __anonstruct_Key_2):
  Found 1 allocs.
all_tags(tag __anonstruct_Key_2):
  Found 1 tags.
all_memories(tag __anonstruct_Key_2):
  Found 0 memories.
all_memories(tag __anonstruct_Key_2):
  Found 0 memories.
all_tags(tag __anonstruct_Key_2):
  Found 1 tags.
all_memories(tag __anonstruct_Key_2):
  Found 0 memories.
all_tags(tag __anonstruct_Key_2):
  Found 1 tags.
all_memories(tag __anonstruct_Key_2):
  Found 0 memories.
all_tags(tag __anonstruct_Key_2):
  Found 1 tags.
all_memories(tag __anonstruct_Key_2):
  Found 0 memories.
all_allocs(tag __anonstruct_Key_2):
  Found 1 allocs.
all_tags(tag __anonstruct_Key_2):
  Found 1 tags.
all_memories(tag __anonstruct_Key_2):
  Found 0 memories.
all_allocs(tag __anonstruct_Key_2):
  Found 1 allocs.
all_memories(tag __anonstruct_Key_2):
  Found 0 memories.
all_memories(tag __anonstruct_Key_2):
  Found 0 memories.
all_allocs(tag __anonstruct_Key_2):
  Found 1 allocs.
all_allocs(tag __anonstruct_Key_2):
  Found 1 allocs.
all_memories(tag __anonstruct_Key_2):
  Found 0 memories.
all_memories(tag __anonstruct_Key_2):
  Found 0 memories.
all_allocs(tag __anonstruct_Key_2):
  Found 1 allocs.
all_allocs(tag __anonstruct_Key_2):
  Found 1 allocs.
all_memories(tag __anonstruct_Key_2):
  Found 0 memories.
all_allocs(tag __anonstruct_Key_2):
  Found 1 allocs.
all_tags(tag __anonstruct_Key_2):
  Found 1 tags.
all_memories(tag __anonstruct_Key_2):
  Found 0 memories.
all_memories(tag __anonstruct_Key_2):
  Found 0 memories.
all_tags(tag __anonstruct_Key_2):
  Found 1 tags.
all_memories(tag __anonstruct_Key_2):
  Found 0 memories.
all_tags(tag __anonstruct_Key_2):
  Found 1 tags.
all_memories(tag __anonstruct_Key_2):
  Found 0 memories.
all_tags(tag __anonstruct_Key_2):
  Found 1 tags.
all_memories(tag __anonstruct_Key_2):
  Found 0 memories.
all_allocs(tag __anonstruct_Key_2):
  Found 1 allocs.
all_tags(tag __anonstruct_Key_2):
  Found 1 tags.
all_memories(tag __anonstruct_Key_2):
  Found 0 memories.
all_allocs(tag __anonstruct_Key_2):
  Found 1 allocs.
all_memories(tag __anonstruct_Key_2):
  Found 0 memories.
all_memories(tag __anonstruct_Key_2):
  Found 0 memories.
all_allocs(tag __anonstruct_Key_2):
  Found 1 allocs.
all_allocs(tag __anonstruct_Key_2):
  Found 1 allocs.
all_tags(tag __anonstruct_Key_2):
  Found 1 tags.
all_memories(tag __anonstruct_Key_2):
  Found 0 memories.
all_memories(tag __anonstruct_Key_2):
  Found 0 memories.
all_tags(tag __anonstruct_Key_2):
  Found 1 tags.
all_memories(tag __anonstruct_Key_2):
  Found 0 memories.
all_tags(tag __anonstruct_Key_2):
  Found 1 tags.
all_memories(tag __anonstruct_Key_2):
  Found 0 memories.
all_tags(tag __anonstruct_Key_2):
  Found 1 tags.
all_memories(tag __anonstruct_Key_2):
  Found 0 memories.
all_allocs(tag __anonstruct_Key_2):
  Found 1 allocs.
all_tags(tag __anonstruct_Key_2):
  Found 1 tags.
all_memories(tag __anonstruct_Key_2):
  Found 0 memories.
all_allocs(tag __anonstruct_Key_2):
  Found 1 allocs.
all_memories(tag __anonstruct_Key_2):
  Found 0 memories.
all_memories(tag __anonstruct_Key_2):
  Found 0 memories.
all_allocs(tag __anonstruct_Key_2):
  Found 1 allocs.
all_tags(tag __anonstruct_Key_2):
  Found 1 tags.
all_memories(tag __anonstruct_Key_2):
  Found 0 memories.
all_allocs(tag __anonstruct_Key_2):
  Found 1 allocs.
all_memories(tag __anonstruct_Key_2):
  Found 0 memories.
all_allocs(tag __anonstruct_Key_2):
  Found 1 allocs.
all_memories(tag __anonstruct_Key_2):
  Found 0 memories.
all_memories(tag __anonstruct_Key_2):
  Found 0 memories.
all_tags(tag __anonstruct_Key_2):
  Found 1 tags.
all_memories(tag __anonstruct_Key_2):
  Found 0 memories.
all_allocs(tag __anonstruct_Key_2):
  Found 1 allocs.
all_memories(tag __anonstruct_Key_2):
  Found 0 memories.
all_tags(tag __anonstruct_Key_2):
  Found 1 tags.
all_memories(tag __anonstruct_Key_2):
  Found 0 memories.
all_tags(tag __anonstruct_Key_2):
  Found 1 tags.
all_memories(tag __anonstruct_Key_2):
  Found 0 memories.
all_tags(tag __anonstruct_Key_2):
  Found 1 tags.
all_memories(tag __anonstruct_Key_2):
  Found 0 memories.
all_tags(tag __anonstruct_Key_2):
  Found 1 tags.
all_memories(tag __anonstruct_Key_2):
  Found 0 memories.
all_tags(tag __anonstruct_Key_2):
  Found 1 tags.
all_memories(tag __anonstruct_Key_2):
  Found 0 memories.
all_tags(tag __anonstruct_Key_2):
  Found 1 tags.
all_memories(tag __anonstruct_Key_2):
  Found 0 memories.
all_allocs(tag __anonstruct_Key_2):
  Found 1 allocs.
all_memories(tag __anonstruct_Key_2):
  Found 0 memories.
all_allocs(tag __anonstruct_Key_2):
  Found 1 allocs.
all_memories(tag __anonstruct_Key_2):
  Found 0 memories.
all_allocs(tag __anonstruct_Key_2):
  Found 1 allocs.
all_memories(tag __anonstruct_Key_2):
  Found 0 memories.
all_allocs(tag __anonstruct_Key_2):
  Found 1 allocs.
all_memories(tag __anonstruct_Key_2):
  Found 0 memories.
all_allocs(tag __anonstruct_Key_2):
  Found 1 allocs.
all_allocs(tag __anonstruct_Map_5):
  Found 1 allocs.
all_memories(tag __anonstruct_Map_5):
  Found 0 memories.
all_memories(tag __anonstruct_Map_5):
  Found 0 memories.
all_allocs(tag __anonstruct_Map_5):
  Found 1 allocs.
all_allocs(tag __anonstruct_Map_5):
  Found 1 allocs.
all_memories(tag __anonstruct_Map_5):
  Found 0 memories.
all_allocs(tag __anonstruct_Map_5):
  Found 1 allocs.
all_tags(tag __anonstruct_Map_5):
  Found 1 tags.
all_memories(tag __anonstruct_Map_5):
  Found 0 memories.
all_memories(tag __anonstruct_Map_5):
  Found 0 memories.
all_tags(tag __anonstruct_Map_5):
  Found 1 tags.
all_memories(tag __anonstruct_Map_5):
  Found 0 memories.
all_tags(tag __anonstruct_Map_5):
  Found 1 tags.
all_memories(tag __anonstruct_Map_5):
  Found 0 memories.
all_tags(tag __anonstruct_Map_5):
  Found 1 tags.
all_memories(tag __anonstruct_Map_5):
  Found 0 memories.
all_allocs(tag __anonstruct_Map_5):
  Found 1 allocs.
all_tags(tag __anonstruct_Map_5):
  Found 1 tags.
all_memories(tag __anonstruct_Map_5):
  Found 0 memories.
all_allocs(tag __anonstruct_Map_5):
  Found 1 allocs.
all_memories(tag __anonstruct_Map_5):
  Found 0 memories.
all_memories(tag __anonstruct_Map_5):
  Found 0 memories.
all_allocs(tag __anonstruct_Map_5):
  Found 1 allocs.
all_allocs(tag __anonstruct_Map_5):
  Found 1 allocs.
all_memories(tag __anonstruct_Map_5):
  Found 0 memories.
all_memories(tag __anonstruct_Map_5):
  Found 0 memories.
all_allocs(tag __anonstruct_Map_5):
  Found 1 allocs.
all_allocs(tag __anonstruct_Map_5):
  Found 1 allocs.
all_memories(tag __anonstruct_Map_5):
  Found 0 memories.
all_allocs(tag __anonstruct_Map_5):
  Found 1 allocs.
all_tags(tag __anonstruct_Map_5):
  Found 1 tags.
all_memories(tag __anonstruct_Map_5):
  Found 0 memories.
all_memories(tag __anonstruct_Map_5):
  Found 0 memories.
all_tags(tag __anonstruct_Map_5):
  Found 1 tags.
all_memories(tag __anonstruct_Map_5):
  Found 0 memories.
all_tags(tag __anonstruct_Map_5):
  Found 1 tags.
all_memories(tag __anonstruct_Map_5):
  Found 0 memories.
all_tags(tag __anonstruct_Map_5):
  Found 1 tags.
all_memories(tag __anonstruct_Map_5):
  Found 0 memories.
all_allocs(tag __anonstruct_Map_5):
  Found 1 allocs.
all_tags(tag __anonstruct_Map_5):
  Found 1 tags.
all_memories(tag __anonstruct_Map_5):
  Found 0 memories.
all_allocs(tag __anonstruct_Map_5):
  Found 1 allocs.
all_memories(tag __anonstruct_Map_5):
  Found 0 memories.
all_memories(tag __anonstruct_Map_5):
  Found 0 memories.
all_allocs(tag __anonstruct_Map_5):
  Found 1 allocs.
all_allocs(tag __anonstruct_Map_5):
  Found 1 allocs.
all_tags(tag __anonstruct_Map_5):
  Found 1 tags.
all_memories(tag __anonstruct_Map_5):
  Found 0 memories.
all_memories(tag __anonstruct_Map_5):
  Found 0 memories.
all_tags(tag __anonstruct_Map_5):
  Found 1 tags.
all_memories(tag __anonstruct_Map_5):
  Found 0 memories.
all_tags(tag __anonstruct_Map_5):
  Found 1 tags.
all_memories(tag __anonstruct_Map_5):
  Found 0 memories.
all_tags(tag __anonstruct_Map_5):
  Found 1 tags.
all_memories(tag __anonstruct_Map_5):
  Found 0 memories.
all_allocs(tag __anonstruct_Map_5):
  Found 1 allocs.
all_tags(tag __anonstruct_Map_5):
  Found 1 tags.
all_memories(tag __anonstruct_Map_5):
  Found 0 memories.
all_allocs(tag __anonstruct_Map_5):
  Found 1 allocs.
all_memories(tag __anonstruct_Map_5):
  Found 0 memories.
all_memories(tag __anonstruct_Map_5):
  Found 0 memories.
all_allocs(tag __anonstruct_Map_5):
  Found 1 allocs.
all_tags(tag __anonstruct_Map_5):
  Found 1 tags.
all_memories(tag __anonstruct_Map_5):
  Found 0 memories.
all_allocs(tag __anonstruct_Map_5):
  Found 1 allocs.
all_memories(tag __anonstruct_Map_5):
  Found 0 memories.
all_allocs(tag __anonstruct_Map_5):
  Found 1 allocs.
all_memories(tag __anonstruct_Map_5):
  Found 0 memories.
all_memories(tag __anonstruct_Map_5):
  Found 0 memories.
all_tags(tag __anonstruct_Map_5):
  Found 1 tags.
all_memories(tag __anonstruct_Map_5):
  Found 0 memories.
all_allocs(tag __anonstruct_Map_5):
  Found 1 allocs.
all_memories(tag __anonstruct_Map_5):
  Found 0 memories.
all_tags(tag __anonstruct_Map_5):
  Found 1 tags.
all_memories(tag __anonstruct_Map_5):
  Found 0 memories.
all_tags(tag __anonstruct_Map_5):
  Found 1 tags.
all_memories(tag __anonstruct_Map_5):
  Found 0 memories.
all_tags(tag __anonstruct_Map_5):
  Found 1 tags.
all_memories(tag __anonstruct_Map_5):
  Found 0 memories.
all_tags(tag __anonstruct_Map_5):
  Found 1 tags.
all_memories(tag __anonstruct_Map_5):
  Found 0 memories.
all_tags(tag __anonstruct_Map_5):
  Found 1 tags.
all_memories(tag __anonstruct_Map_5):
  Found 0 memories.
all_tags(tag __anonstruct_Map_5):
  Found 1 tags.
all_memories(tag __anonstruct_Map_5):
  Found 0 memories.
all_allocs(tag __anonstruct_Map_5):
  Found 1 allocs.
all_memories(tag __anonstruct_Map_5):
  Found 0 memories.
all_allocs(tag __anonstruct_Map_5):
  Found 1 allocs.
all_memories(tag __anonstruct_Map_5):
  Found 0 memories.
all_allocs(tag __anonstruct_Map_5):
  Found 1 allocs.
all_memories(tag __anonstruct_Map_5):
  Found 0 memories.
all_allocs(tag __anonstruct_Map_5):
  Found 1 allocs.
all_memories(tag __anonstruct_Map_5):
  Found 0 memories.
all_allocs(tag __anonstruct_Map_5):
  Found 1 allocs.
all_allocs(tag __anonstruct_Value_3):
  Found 1 allocs.
all_memories(tag __anonstruct_Value_3):
  Found 0 memories.
all_memories(tag __anonstruct_Value_3):
  Found 0 memories.
all_allocs(tag __anonstruct_Value_3):
  Found 1 allocs.
all_allocs(tag __anonstruct_Value_3):
  Found 1 allocs.
all_memories(tag __anonstruct_Value_3):
  Found 0 memories.
all_allocs(tag __anonstruct_Value_3):
  Found 1 allocs.
all_tags(tag __anonstruct_Value_3):
  Found 1 tags.
all_memories(tag __anonstruct_Value_3):
  Found 0 memories.
all_memories(tag __anonstruct_Value_3):
  Found 0 memories.
all_tags(tag __anonstruct_Value_3):
  Found 1 tags.
all_memories(tag __anonstruct_Value_3):
  Found 0 memories.
all_tags(tag __anonstruct_Value_3):
  Found 1 tags.
all_memories(tag __anonstruct_Value_3):
  Found 0 memories.
all_tags(tag __anonstruct_Value_3):
  Found 1 tags.
all_memories(tag __anonstruct_Value_3):
  Found 0 memories.
all_allocs(tag __anonstruct_Value_3):
  Found 1 allocs.
all_tags(tag __anonstruct_Value_3):
  Found 1 tags.
all_memories(tag __anonstruct_Value_3):
  Found 0 memories.
all_allocs(tag __anonstruct_Value_3):
  Found 1 allocs.
all_memories(tag __anonstruct_Value_3):
  Found 0 memories.
all_memories(tag __anonstruct_Value_3):
  Found 0 memories.
all_allocs(tag __anonstruct_Value_3):
  Found 1 allocs.
all_allocs(tag __anonstruct_Value_3):
  Found 1 allocs.
all_memories(tag __anonstruct_Value_3):
  Found 0 memories.
all_memories(tag __anonstruct_Value_3):
  Found 0 memories.
all_allocs(tag __anonstruct_Value_3):
  Found 1 allocs.
all_allocs(tag __anonstruct_Value_3):
  Found 1 allocs.
all_memories(tag __anonstruct_Value_3):
  Found 0 memories.
all_allocs(tag __anonstruct_Value_3):
  Found 1 allocs.
all_tags(tag __anonstruct_Value_3):
  Found 1 tags.
all_memories(tag __anonstruct_Value_3):
  Found 0 memories.
all_memories(tag __anonstruct_Value_3):
  Found 0 memories.
all_tags(tag __anonstruct_Value_3):
  Found 1 tags.
all_memories(tag __anonstruct_Value_3):
  Found 0 memories.
all_tags(tag __anonstruct_Value_3):
  Found 1 tags.
all_memories(tag __anonstruct_Value_3):
  Found 0 memories.
all_tags(tag __anonstruct_Value_3):
  Found 1 tags.
all_memories(tag __anonstruct_Value_3):
  Found 0 memories.
all_allocs(tag __anonstruct_Value_3):
  Found 1 allocs.
all_tags(tag __anonstruct_Value_3):
  Found 1 tags.
all_memories(tag __anonstruct_Value_3):
  Found 0 memories.
all_allocs(tag __anonstruct_Value_3):
  Found 1 allocs.
all_memories(tag __anonstruct_Value_3):
  Found 0 memories.
all_memories(tag __anonstruct_Value_3):
  Found 0 memories.
all_allocs(tag __anonstruct_Value_3):
  Found 1 allocs.
all_allocs(tag __anonstruct_Value_3):
  Found 1 allocs.
all_tags(tag __anonstruct_Value_3):
  Found 1 tags.
all_memories(tag __anonstruct_Value_3):
  Found 0 memories.
all_memories(tag __anonstruct_Value_3):
  Found 0 memories.
all_tags(tag __anonstruct_Value_3):
  Found 1 tags.
all_memories(tag __anonstruct_Value_3):
  Found 0 memories.
all_tags(tag __anonstruct_Value_3):
  Found 1 tags.
all_memories(tag __anonstruct_Value_3):
  Found 0 memories.
all_tags(tag __anonstruct_Value_3):
  Found 1 tags.
all_memories(tag __anonstruct_Value_3):
  Found 0 memories.
all_allocs(tag __anonstruct_Value_3):
  Found 1 allocs.
all_tags(tag __anonstruct_Value_3):
  Found 1 tags.
all_memories(tag __anonstruct_Value_3):
  Found 0 memories.
all_allocs(tag __anonstruct_Value_3):
  Found 1 allocs.
all_memories(tag __anonstruct_Value_3):
  Found 0 memories.
all_memories(tag __anonstruct_Value_3):
  Found 0 memories.
all_allocs(tag __anonstruct_Value_3):
  Found 1 allocs.
all_tags(tag __anonstruct_Value_3):
  Found 1 tags.
all_memories(tag __anonstruct_Value_3):
  Found 0 memories.
all_allocs(tag __anonstruct_Value_3):
  Found 1 allocs.
all_memories(tag __anonstruct_Value_3):
  Found 0 memories.
all_allocs(tag __anonstruct_Value_3):
  Found 1 allocs.
all_memories(tag __anonstruct_Value_3):
  Found 0 memories.
all_memories(tag __anonstruct_Value_3):
  Found 0 memories.
all_tags(tag __anonstruct_Value_3):
  Found 1 tags.
all_memories(tag __anonstruct_Value_3):
  Found 0 memories.
all_allocs(tag __anonstruct_Value_3):
  Found 1 allocs.
all_memories(tag __anonstruct_Value_3):
  Found 0 memories.
all_tags(tag __anonstruct_Value_3):
  Found 1 tags.
all_memories(tag __anonstruct_Value_3):
  Found 0 memories.
all_tags(tag __anonstruct_Value_3):
  Found 1 tags.
all_memories(tag __anonstruct_Value_3):
  Found 0 memories.
all_tags(tag __anonstruct_Value_3):
  Found 1 tags.
all_memories(tag __anonstruct_Value_3):
  Found 0 memories.
all_tags(tag __anonstruct_Value_3):
  Found 1 tags.
all_memories(tag __anonstruct_Value_3):
  Found 0 memories.
all_tags(tag __anonstruct_Value_3):
  Found 1 tags.
all_memories(tag __anonstruct_Value_3):
  Found 0 memories.
all_tags(tag __anonstruct_Value_3):
  Found 1 tags.
all_memories(tag __anonstruct_Value_3):
  Found 0 memories.
all_allocs(tag __anonstruct_Value_3):
  Found 1 allocs.
all_memories(tag __anonstruct_Value_3):
  Found 0 memories.
all_allocs(tag __anonstruct_Value_3):
  Found 1 allocs.
all_memories(tag __anonstruct_Value_3):
  Found 0 memories.
all_allocs(tag __anonstruct_Value_3):
  Found 1 allocs.
all_memories(tag __anonstruct_Value_3):
  Found 0 memories.
all_allocs(tag __anonstruct_Value_3):
  Found 1 allocs.
all_memories(tag __anonstruct_Value_3):
  Found 0 memories.
all_allocs(tag __anonstruct_Value_3):
  Found 1 allocs.
all_allocs(tag charP):
  Found 1 allocs.
all_memories(tag charP):
  Found 0 memories.
all_memories(tag charP):
  Found 0 memories.
all_allocs(tag charP):
  Found 1 allocs.
all_allocs(tag charP):
  Found 1 allocs.
all_memories(tag charP):
  Found 0 memories.
all_allocs(tag charP):
  Found 1 allocs.
all_tags(tag charP):
  Found 1 tags.
all_memories(tag charP):
  Found 0 memories.
all_memories(tag charP):
  Found 0 memories.
all_tags(tag charP):
  Found 1 tags.
all_memories(tag charP):
  Found 0 memories.
all_tags(tag charP):
  Found 1 tags.
all_memories(tag charP):
  Found 0 memories.
all_tags(tag charP):
  Found 1 tags.
all_memories(tag charP):
  Found 0 memories.
all_allocs(tag charP):
  Found 1 allocs.
all_tags(tag charP):
  Found 1 tags.
all_memories(tag charP):
  Found 0 memories.
all_allocs(tag charP):
  Found 1 allocs.
all_memories(tag charP):
  Found 0 memories.
all_memories(tag charP):
  Found 0 memories.
all_allocs(tag charP):
  Found 1 allocs.
all_allocs(tag charP):
  Found 1 allocs.
all_memories(tag charP):
  Found 0 memories.
all_memories(tag charP):
  Found 0 memories.
all_allocs(tag charP):
  Found 1 allocs.
all_allocs(tag charP):
  Found 1 allocs.
all_memories(tag charP):
  Found 0 memories.
all_allocs(tag charP):
  Found 1 allocs.
all_tags(tag charP):
  Found 1 tags.
all_memories(tag charP):
  Found 0 memories.
all_memories(tag charP):
  Found 0 memories.
all_tags(tag charP):
  Found 1 tags.
all_memories(tag charP):
  Found 0 memories.
all_tags(tag charP):
  Found 1 tags.
all_memories(tag charP):
  Found 0 memories.
all_tags(tag charP):
  Found 1 tags.
all_memories(tag charP):
  Found 0 memories.
all_allocs(tag charP):
  Found 1 allocs.
all_tags(tag charP):
  Found 1 tags.
all_memories(tag charP):
  Found 0 memories.
all_allocs(tag charP):
  Found 1 allocs.
all_memories(tag charP):
  Found 0 memories.
all_memories(tag charP):
  Found 0 memories.
all_allocs(tag charP):
  Found 1 allocs.
all_allocs(tag charP):
  Found 1 allocs.
all_tags(tag charP):
  Found 1 tags.
all_memories(tag charP):
  Found 0 memories.
all_memories(tag charP):
  Found 0 memories.
all_tags(tag charP):
  Found 1 tags.
all_memories(tag charP):
  Found 0 memories.
all_tags(tag charP):
  Found 1 tags.
all_memories(tag charP):
  Found 0 memories.
all_tags(tag charP):
  Found 1 tags.
all_memories(tag charP):
  Found 0 memories.
all_allocs(tag charP):
  Found 1 allocs.
all_tags(tag charP):
  Found 1 tags.
all_memories(tag charP):
  Found 0 memories.
all_allocs(tag charP):
  Found 1 allocs.
all_memories(tag charP):
  Found 0 memories.
all_memories(tag charP):
  Found 0 memories.
all_allocs(tag charP):
  Found 1 allocs.
all_tags(tag charP):
  Found 1 tags.
all_memories(tag charP):
  Found 0 memories.
all_allocs(tag charP):
  Found 1 allocs.
all_memories(tag charP):
  Found 0 memories.
all_allocs(tag charP):
  Found 1 allocs.
all_memories(tag charP):
  Found 0 memories.
all_memories(tag charP):
  Found 0 memories.
all_tags(tag charP):
  Found 1 tags.
all_memories(tag voidP):
  Found 0 memories.
all_tags(tag voidP):
  Found 1 tags.
all_memories(tag charP):
  Found 0 memories.
all_allocs(tag charP):
  Found 1 allocs.
all_memories(tag voidP):
  Found 0 memories.
all_allocs(tag voidP):
  Found 1 allocs.
all_memories(tag charP):
  Found 0 memories.
all_tags(tag charP):
  Found 1 tags.
all_memories(tag charP):
  Found 0 memories.
all_tags(tag charP):
  Found 1 tags.
all_memories(tag charP):
  Found 0 memories.
all_tags(tag charP):
  Found 1 tags.
all_memories(tag charP):
  Found 0 memories.
all_tags(tag charP):
  Found 1 tags.
all_memories(tag charP):
  Found 0 memories.
all_tags(tag charP):
  Found 1 tags.
all_memories(tag charP):
  Found 0 memories.
all_tags(tag charP):
  Found 1 tags.
all_memories(tag charP):
  Found 0 memories.
all_allocs(tag charP):
  Found 1 allocs.
all_memories(tag voidP):
  Found 0 memories.
all_allocs(tag voidP):
  Found 1 allocs.
all_memories(tag charP):
  Found 0 memories.
all_allocs(tag charP):
  Found 1 allocs.
all_memories(tag voidP):
  Found 0 memories.
all_allocs(tag voidP):
  Found 1 allocs.
all_memories(tag charP):
  Found 0 memories.
all_allocs(tag charP):
  Found 1 allocs.
all_memories(tag voidP):
  Found 0 memories.
all_allocs(tag voidP):
  Found 1 allocs.
all_memories(tag charP):
  Found 0 memories.
all_allocs(tag charP):
  Found 1 allocs.
all_memories(tag voidP):
  Found 0 memories.
all_allocs(tag voidP):
  Found 1 allocs.
all_memories(tag charP):
  Found 0 memories.
all_allocs(tag charP):
  Found 1 allocs.
all_memories(tag voidP):
  Found 0 memories.
all_allocs(tag voidP):
  Found 1 allocs.
all_allocs(tag voidP):
  Found 1 allocs.
all_memories(tag voidP):
  Found 0 memories.
all_memories(tag voidP):
  Found 0 memories.
all_allocs(tag voidP):
  Found 1 allocs.
all_allocs(tag voidP):
  Found 1 allocs.
all_memories(tag voidP):
  Found 0 memories.
all_allocs(tag voidP):
  Found 1 allocs.
all_tags(tag voidP):
  Found 1 tags.
all_memories(tag voidP):
  Found 0 memories.
all_memories(tag voidP):
  Found 0 memories.
all_tags(tag voidP):
  Found 1 tags.
all_memories(tag voidP):
  Found 0 memories.
all_tags(tag voidP):
  Found 1 tags.
all_memories(tag voidP):
  Found 0 memories.
all_tags(tag voidP):
  Found 1 tags.
all_memories(tag voidP):
  Found 0 memories.
all_allocs(tag voidP):
  Found 1 allocs.
all_tags(tag voidP):
  Found 1 tags.
all_memories(tag voidP):
  Found 0 memories.
all_allocs(tag voidP):
  Found 1 allocs.
all_memories(tag voidP):
  Found 0 memories.
all_memories(tag voidP):
  Found 0 memories.
all_allocs(tag voidP):
  Found 1 allocs.
all_allocs(tag voidP):
  Found 1 allocs.
all_memories(tag voidP):
  Found 0 memories.
all_memories(tag voidP):
  Found 0 memories.
all_allocs(tag voidP):
  Found 1 allocs.
all_allocs(tag voidP):
  Found 1 allocs.
all_memories(tag voidP):
  Found 0 memories.
all_allocs(tag voidP):
  Found 1 allocs.
all_tags(tag voidP):
  Found 1 tags.
all_memories(tag voidP):
  Found 0 memories.
all_memories(tag voidP):
  Found 0 memories.
all_tags(tag voidP):
  Found 1 tags.
all_memories(tag voidP):
  Found 0 memories.
all_tags(tag voidP):
  Found 1 tags.
all_memories(tag voidP):
  Found 0 memories.
all_tags(tag voidP):
  Found 1 tags.
all_memories(tag voidP):
  Found 0 memories.
all_allocs(tag voidP):
  Found 1 allocs.
all_tags(tag voidP):
  Found 1 tags.
all_memories(tag voidP):
  Found 0 memories.
all_allocs(tag voidP):
  Found 1 allocs.
all_memories(tag voidP):
  Found 0 memories.
all_memories(tag voidP):
  Found 0 memories.
all_allocs(tag voidP):
  Found 1 allocs.
all_allocs(tag voidP):
  Found 1 allocs.
all_tags(tag voidP):
  Found 1 tags.
all_memories(tag voidP):
  Found 0 memories.
all_memories(tag voidP):
  Found 0 memories.
all_tags(tag voidP):
  Found 1 tags.
all_memories(tag voidP):
  Found 0 memories.
all_tags(tag voidP):
  Found 1 tags.
all_memories(tag voidP):
  Found 0 memories.
all_tags(tag voidP):
  Found 1 tags.
all_memories(tag voidP):
  Found 0 memories.
all_allocs(tag voidP):
  Found 1 allocs.
all_tags(tag voidP):
  Found 1 tags.
all_memories(tag voidP):
  Found 0 memories.
all_allocs(tag voidP):
  Found 1 allocs.
all_memories(tag voidP):
  Found 0 memories.
all_memories(tag voidP):
  Found 0 memories.
all_allocs(tag voidP):
  Found 1 allocs.
all_tags(tag voidP):
  Found 1 tags.
all_memories(tag voidP):
  Found 0 memories.
all_allocs(tag voidP):
  Found 1 allocs.
all_memories(tag voidP):
  Found 0 memories.
all_allocs(tag voidP):
  Found 1 allocs.
all_memories(tag voidP):
  Found 0 memories.
all_memories(tag voidP):
  Found 0 memories.
all_tags(tag voidP):
  Found 1 tags.
all_memories(tag voidP):
  Found 0 memories.
all_allocs(tag voidP):
  Found 1 allocs.
all_memories(tag voidP):
  Found 0 memories.
all_tags(tag voidP):
  Found 1 tags.
all_memories(tag voidP):
  Found 0 memories.
all_tags(tag voidP):
  Found 1 tags.
all_memories(tag voidP):
  Found 0 memories.
all_tags(tag voidP):
  Found 1 tags.
all_memories(tag voidP):
  Found 0 memories.
all_tags(tag voidP):
  Found 1 tags.
all_memories(tag voidP):
  Found 0 memories.
all_tags(tag voidP):
  Found 1 tags.
all_memories(tag voidP):
  Found 0 memories.
all_tags(tag voidP):
  Found 1 tags.
all_memories(tag voidP):
  Found 0 memories.
all_allocs(tag voidP):
  Found 1 allocs.
all_memories(tag voidP):
  Found 0 memories.
all_allocs(tag voidP):
  Found 1 allocs.
all_memories(tag voidP):
  Found 0 memories.
all_allocs(tag voidP):
  Found 1 allocs.
all_memories(tag voidP):
  Found 0 memories.
all_allocs(tag voidP):
  Found 1 allocs.
all_memories(tag voidP):
  Found 0 memories.
all_allocs(tag voidP):
  Found 1 allocs.
Translate variants
Translate global regions
Translate exceptions
Translate enumerated types
Translate dummies
Translate standalone logic functions
Logic function is_valid_map_mem
Logic function is_valid_map_sizes
Logic function is_valid_item
Logic function is_valid_items
Logic function is_valid_map
Translate axiomatic declarations
Axiomatic Padding
Translate lemmas
Translate functions
Pre-treatement Function finalizeMap
Function finalizeMap
all_memories(tag __anonstruct_Item_4):
  Found 2 memories.
all_allocs(tag __anonstruct_Item_4):
  Found 3 allocs.
all_memories(tag __anonstruct_Item_4):
  Found 2 memories.
all_allocs(tag __anonstruct_Item_4):
  Found 3 allocs.
all_memories(tag __anonstruct_Item_4):
  Found 2 memories.
all_allocs(tag __anonstruct_Item_4):
  Found 3 allocs.
all_memories(tag __anonstruct_Item_4):
  Found 2 memories.
all_allocs(tag __anonstruct_Item_4):
  Found 3 allocs.
all_memories(tag __anonstruct_Item_4):
  Found 2 memories.
all_allocs(tag __anonstruct_Item_4):
  Found 3 allocs.
all_memories(tag __anonstruct_Item_4):
  Found 2 memories.
all_allocs(tag __anonstruct_Item_4):
  Found 3 allocs.
Produce makefile
